Command line invocation:
    /Applications/Xcode.app/Contents/Developer/usr/bin/xcodebuild -project "Know-Maps/Know Maps.xcodeproj" -scheme "Know Maps" -destination "platform=iOS Simulator,name=iPhone 17" build

Resolve Package Graph


Resolved source packages:
  swift-asn1: https://github.com/apple/swift-asn1.git @ 1.4.0
  JSONSafeEncoding: https://github.com/segmentio/jsonsafeencoding-swift.git @ 2.0.0
  Sovran: https://github.com/segmentio/sovran-swift.git @ 1.1.2
  swift-concurrency-extras: https://github.com/pointfreeco/swift-concurrency-extras @ 1.3.2
  Segment: https://github.com/segmentio/analytics-swift @ 1.6.2
  Nuke: https://github.com/kean/Nuke @ 12.8.0
  swift-crypto: https://github.com/apple/swift-crypto.git @ 3.15.1
  swift-clocks: https://github.com/pointfreeco/swift-clocks @ 1.0.6
  Supabase: https://github.com/supabase/supabase-swift @ 2.33.1
  xctest-dynamic-overlay: https://github.com/pointfreeco/xctest-dynamic-overlay @ 1.6.1
  swift-http-types: https://github.com/apple/swift-http-types.git @ 1.4.0

ComputePackagePrebuildTargetDependencyGraph

Prepare packages

CreateBuildRequest

SendProjectDescription

CreateBuildOperation

ComputeTargetDependencyGraph
note: Building targets in dependency order
note: Target dependency graph (33 targets)
    Target 'knowmaps' in project 'Know Maps'
        ➜ Explicit dependency on target 'NukeUI' in project 'Nuke'
        ➜ Explicit dependency on target 'Segment' in project 'Segment'
        ➜ Explicit dependency on target 'Supabase' in project 'Supabase'
    Target 'Supabase' in project 'Supabase'
        ➜ Explicit dependency on target 'Supabase' in project 'Supabase'
        ➜ Explicit dependency on target 'Functions' in project 'Supabase'
        ➜ Explicit dependency on target 'PostgREST' in project 'Supabase'
        ➜ Explicit dependency on target 'Auth' in project 'Supabase'
        ➜ Explicit dependency on target 'Realtime' in project 'Supabase'
        ➜ Explicit dependency on target 'Storage' in project 'Supabase'
        ➜ Explicit dependency on target 'Helpers' in project 'Supabase'
        ➜ Explicit dependency on target 'ConcurrencyExtras' in project 'swift-concurrency-extras'
        ➜ Explicit dependency on target 'HTTPTypes' in project 'swift-http-types'
        ➜ Explicit dependency on target 'Clocks' in project 'swift-clocks'
        ➜ Explicit dependency on target 'XCTestDynamicOverlay' in project 'xctest-dynamic-overlay'
        ➜ Explicit dependency on target 'Crypto' in project 'swift-crypto'
        ➜ Explicit dependency on target 'IssueReporting' in project 'xctest-dynamic-overlay'
    Target 'Supabase' in project 'Supabase'
        ➜ Explicit dependency on target 'Helpers' in project 'Supabase'
        ➜ Explicit dependency on target 'Auth' in project 'Supabase'
        ➜ Explicit dependency on target 'Functions' in project 'Supabase'
        ➜ Explicit dependency on target 'PostgREST' in project 'Supabase'
        ➜ Explicit dependency on target 'Realtime' in project 'Supabase'
        ➜ Explicit dependency on target 'Storage' in project 'Supabase'
        ➜ Explicit dependency on target 'ConcurrencyExtras' in project 'swift-concurrency-extras'
        ➜ Explicit dependency on target 'HTTPTypes' in project 'swift-http-types'
        ➜ Explicit dependency on target 'Clocks' in project 'swift-clocks'
        ➜ Explicit dependency on target 'XCTestDynamicOverlay' in project 'xctest-dynamic-overlay'
        ➜ Explicit dependency on target 'Crypto' in project 'swift-crypto'
        ➜ Explicit dependency on target 'IssueReporting' in project 'xctest-dynamic-overlay'
    Target 'Storage' in project 'Supabase'
        ➜ Explicit dependency on target 'Helpers' in project 'Supabase'
        ➜ Explicit dependency on target 'ConcurrencyExtras' in project 'swift-concurrency-extras'
        ➜ Explicit dependency on target 'HTTPTypes' in project 'swift-http-types'
        ➜ Explicit dependency on target 'Clocks' in project 'swift-clocks'
        ➜ Explicit dependency on target 'XCTestDynamicOverlay' in project 'xctest-dynamic-overlay'
    Target 'Realtime' in project 'Supabase'
        ➜ Explicit dependency on target 'Helpers' in project 'Supabase'
        ➜ Explicit dependency on target 'ConcurrencyExtras' in project 'swift-concurrency-extras'
        ➜ Explicit dependency on target 'HTTPTypes' in project 'swift-http-types'
        ➜ Explicit dependency on target 'Clocks' in project 'swift-clocks'
        ➜ Explicit dependency on target 'XCTestDynamicOverlay' in project 'xctest-dynamic-overlay'
        ➜ Explicit dependency on target 'IssueReporting' in project 'xctest-dynamic-overlay'
    Target 'PostgREST' in project 'Supabase'
        ➜ Explicit dependency on target 'Helpers' in project 'Supabase'
        ➜ Explicit dependency on target 'ConcurrencyExtras' in project 'swift-concurrency-extras'
        ➜ Explicit dependency on target 'HTTPTypes' in project 'swift-http-types'
        ➜ Explicit dependency on target 'Clocks' in project 'swift-clocks'
        ➜ Explicit dependency on target 'XCTestDynamicOverlay' in project 'xctest-dynamic-overlay'
    Target 'Functions' in project 'Supabase'
        ➜ Explicit dependency on target 'Helpers' in project 'Supabase'
        ➜ Explicit dependency on target 'ConcurrencyExtras' in project 'swift-concurrency-extras'
        ➜ Explicit dependency on target 'HTTPTypes' in project 'swift-http-types'
        ➜ Explicit dependency on target 'Clocks' in project 'swift-clocks'
        ➜ Explicit dependency on target 'XCTestDynamicOverlay' in project 'xctest-dynamic-overlay'
    Target 'Auth' in project 'Supabase'
        ➜ Explicit dependency on target 'Helpers' in project 'Supabase'
        ➜ Explicit dependency on target 'ConcurrencyExtras' in project 'swift-concurrency-extras'
        ➜ Explicit dependency on target 'HTTPTypes' in project 'swift-http-types'
        ➜ Explicit dependency on target 'Clocks' in project 'swift-clocks'
        ➜ Explicit dependency on target 'XCTestDynamicOverlay' in project 'xctest-dynamic-overlay'
        ➜ Explicit dependency on target 'Crypto' in project 'swift-crypto'
    Target 'Crypto' in project 'swift-crypto'
        ➜ Explicit dependency on target 'Crypto' in project 'swift-crypto'
        ➜ Explicit dependency on target 'swift-crypto_Crypto' in project 'swift-crypto'
    Target 'Crypto' in project 'swift-crypto'
        ➜ Explicit dependency on target 'swift-crypto_Crypto' in project 'swift-crypto'
    Target 'swift-crypto_Crypto' in project 'swift-crypto' (no dependencies)
    Target 'Helpers' in project 'Supabase'
        ➜ Explicit dependency on target 'ConcurrencyExtras' in project 'swift-concurrency-extras'
        ➜ Explicit dependency on target 'HTTPTypes' in project 'swift-http-types'
        ➜ Explicit dependency on target 'Clocks' in project 'swift-clocks'
        ➜ Explicit dependency on target 'XCTestDynamicOverlay' in project 'xctest-dynamic-overlay'
    Target 'XCTestDynamicOverlay' in project 'xctest-dynamic-overlay'
        ➜ Explicit dependency on target 'XCTestDynamicOverlay' in project 'xctest-dynamic-overlay'
        ➜ Explicit dependency on target 'IssueReportingPackageSupport' in project 'xctest-dynamic-overlay'
        ➜ Explicit dependency on target 'IssueReporting' in project 'xctest-dynamic-overlay'
    Target 'XCTestDynamicOverlay' in project 'xctest-dynamic-overlay'
        ➜ Explicit dependency on target 'IssueReportingPackageSupport' in project 'xctest-dynamic-overlay'
        ➜ Explicit dependency on target 'IssueReporting' in project 'xctest-dynamic-overlay'
    Target 'Clocks' in project 'swift-clocks'
        ➜ Explicit dependency on target 'Clocks' in project 'swift-clocks'
        ➜ Explicit dependency on target 'ConcurrencyExtras' in project 'swift-concurrency-extras'
        ➜ Explicit dependency on target 'IssueReporting' in project 'xctest-dynamic-overlay'
    Target 'Clocks' in project 'swift-clocks'
        ➜ Explicit dependency on target 'ConcurrencyExtras' in project 'swift-concurrency-extras'
        ➜ Explicit dependency on target 'IssueReporting' in project 'xctest-dynamic-overlay'
    Target 'IssueReporting' in project 'xctest-dynamic-overlay'
        ➜ Explicit dependency on target 'IssueReporting' in project 'xctest-dynamic-overlay'
        ➜ Explicit dependency on target 'IssueReportingPackageSupport' in project 'xctest-dynamic-overlay'
    Target 'IssueReporting' in project 'xctest-dynamic-overlay'
        ➜ Explicit dependency on target 'IssueReportingPackageSupport' in project 'xctest-dynamic-overlay'
    Target 'IssueReportingPackageSupport' in project 'xctest-dynamic-overlay' (no dependencies)
    Target 'HTTPTypes' in project 'swift-http-types'
        ➜ Explicit dependency on target 'HTTPTypes' in project 'swift-http-types'
    Target 'HTTPTypes' in project 'swift-http-types' (no dependencies)
    Target 'ConcurrencyExtras' in project 'swift-concurrency-extras'
        ➜ Explicit dependency on target 'ConcurrencyExtras' in project 'swift-concurrency-extras'
    Target 'ConcurrencyExtras' in project 'swift-concurrency-extras' (no dependencies)
    Target 'Segment' in project 'Segment'
        ➜ Explicit dependency on target 'Segment' in project 'Segment'
        ➜ Explicit dependency on target 'Segment_Segment' in project 'Segment'
        ➜ Explicit dependency on target 'Sovran' in project 'Sovran'
        ➜ Explicit dependency on target 'JSONSafeEncoding' in project 'JSONSafeEncoding'
    Target 'Segment' in project 'Segment'
        ➜ Explicit dependency on target 'Segment_Segment' in project 'Segment'
        ➜ Explicit dependency on target 'Sovran' in project 'Sovran'
        ➜ Explicit dependency on target 'JSONSafeEncoding' in project 'JSONSafeEncoding'
    Target 'JSONSafeEncoding' in project 'JSONSafeEncoding'
        ➜ Explicit dependency on target 'JSONSafeEncoding' in project 'JSONSafeEncoding'
    Target 'JSONSafeEncoding' in project 'JSONSafeEncoding' (no dependencies)
    Target 'Sovran' in project 'Sovran'
        ➜ Explicit dependency on target 'Sovran' in project 'Sovran'
    Target 'Sovran' in project 'Sovran' (no dependencies)
    Target 'Segment_Segment' in project 'Segment' (no dependencies)
    Target 'NukeUI' in project 'Nuke'
        ➜ Explicit dependency on target 'NukeUI' in project 'Nuke'
        ➜ Explicit dependency on target 'Nuke' in project 'Nuke'
    Target 'NukeUI' in project 'Nuke'
        ➜ Explicit dependency on target 'Nuke' in project 'Nuke'
    Target 'Nuke' in project 'Nuke' (no dependencies)

GatherProvisioningInputs

CreateBuildDescription

ExecuteExternalTool /Applications/Xcode.app/Contents/Developer/Toolchains/XcodeDefault.xctoolchain/usr/bin/swiftc --version

ExecuteExternalTool /Applications/Xcode.app/Contents/Developer/Toolchains/XcodeDefault.xctoolchain/usr/bin/clang -v -E -dM -isysroot /Applications/Xcode.app/Contents/Developer/Platforms/iPhoneSimulator.platform/Developer/SDKs/iPhoneSimulator26.2.sdk -x c -c /dev/null

ExecuteExternalTool /Applications/Xcode.app/Contents/Developer/Toolchains/XcodeDefault.xctoolchain/usr/bin/clang -v -E -dM -arch arm64 -isysroot /Applications/Xcode.app/Contents/Developer/Platforms/iPhoneSimulator.platform/Developer/SDKs/iPhoneSimulator26.2.sdk -x c -c /dev/null

ExecuteExternalTool /Applications/Xcode.app/Contents/Developer/Toolchains/XcodeDefault.xctoolchain/usr/bin/ld -version_details

ReadFileContents /Applications/Xcode.app/Contents/Developer/Toolchains/XcodeDefault.xctoolchain/usr/share/docc/features.json

Build description signature: bb068fe64f2ba043079ee87424660eb3
Build description path: /Users/voxels/Library/Developer/Xcode/DerivedData/Know_Maps-egkaqhsegwaokpcfpeurgwipvhno/Build/Intermediates.noindex/XCBuildData/bb068fe64f2ba043079ee87424660eb3.xcbuilddata
ClangStatCache /Applications/Xcode.app/Contents/Developer/Toolchains/XcodeDefault.xctoolchain/usr/bin/clang-stat-cache /Applications/Xcode.app/Contents/Developer/Platforms/iPhoneSimulator.platform/Developer/SDKs/iPhoneSimulator26.2.sdk /Users/voxels/Library/Developer/Xcode/DerivedData/SDKStatCaches.noindex/iphonesimulator26.2-23C53-7d00a8b37fbd7999ea79df8ebc024bf0.sdkstatcache
    cd /Users/voxels/Documents/dev/Know-Maps/Know-Maps/Know-Maps/Know\ Maps.xcodeproj
    /Applications/Xcode.app/Contents/Developer/Toolchains/XcodeDefault.xctoolchain/usr/bin/clang-stat-cache /Applications/Xcode.app/Contents/Developer/Platforms/iPhoneSimulator.platform/Developer/SDKs/iPhoneSimulator26.2.sdk -o /Users/voxels/Library/Developer/Xcode/DerivedData/SDKStatCaches.noindex/iphonesimulator26.2-23C53-7d00a8b37fbd7999ea79df8ebc024bf0.sdkstatcache

ProcessInfoPlistFile /Users/voxels/Library/Developer/Xcode/DerivedData/Know_Maps-egkaqhsegwaokpcfpeurgwipvhno/Build/Products/Debug-iphonesimulator/swift-crypto_Crypto.bundle/Info.plist /Users/voxels/Library/Developer/Xcode/DerivedData/Know_Maps-egkaqhsegwaokpcfpeurgwipvhno/Build/Intermediates.noindex/swift-crypto.build/Debug-iphonesimulator/swift-crypto_Crypto.build/empty-swift-crypto_Crypto.plist (in target 'swift-crypto_Crypto' from project 'swift-crypto')
    cd /Users/voxels/Library/Developer/Xcode/DerivedData/Know_Maps-egkaqhsegwaokpcfpeurgwipvhno/SourcePackages/checkouts/swift-crypto
    builtin-infoPlistUtility /Users/voxels/Library/Developer/Xcode/DerivedData/Know_Maps-egkaqhsegwaokpcfpeurgwipvhno/Build/Intermediates.noindex/swift-crypto.build/Debug-iphonesimulator/swift-crypto_Crypto.build/empty-swift-crypto_Crypto.plist -producttype com.apple.product-type.bundle -expandbuildsettings -format binary -platform iphonesimulator -o /Users/voxels/Library/Developer/Xcode/DerivedData/Know_Maps-egkaqhsegwaokpcfpeurgwipvhno/Build/Products/Debug-iphonesimulator/swift-crypto_Crypto.bundle/Info.plist

ProcessInfoPlistFile /Users/voxels/Library/Developer/Xcode/DerivedData/Know_Maps-egkaqhsegwaokpcfpeurgwipvhno/Build/Products/Debug-iphonesimulator/Segment_Segment.bundle/Info.plist /Users/voxels/Library/Developer/Xcode/DerivedData/Know_Maps-egkaqhsegwaokpcfpeurgwipvhno/Build/Intermediates.noindex/Segment.build/Debug-iphonesimulator/Segment_Segment.build/empty-Segment_Segment.plist (in target 'Segment_Segment' from project 'Segment')
    cd /Users/voxels/Library/Developer/Xcode/DerivedData/Know_Maps-egkaqhsegwaokpcfpeurgwipvhno/SourcePackages/checkouts/analytics-swift
    builtin-infoPlistUtility /Users/voxels/Library/Developer/Xcode/DerivedData/Know_Maps-egkaqhsegwaokpcfpeurgwipvhno/Build/Intermediates.noindex/Segment.build/Debug-iphonesimulator/Segment_Segment.build/empty-Segment_Segment.plist -producttype com.apple.product-type.bundle -expandbuildsettings -format binary -platform iphonesimulator -o /Users/voxels/Library/Developer/Xcode/DerivedData/Know_Maps-egkaqhsegwaokpcfpeurgwipvhno/Build/Products/Debug-iphonesimulator/Segment_Segment.bundle/Info.plist

WriteAuxiliaryFile /Users/voxels/Library/Developer/Xcode/DerivedData/Know_Maps-egkaqhsegwaokpcfpeurgwipvhno/Build/Intermediates.noindex/Know\ Maps.build/Debug-iphonesimulator/knowmaps.build/Objects-normal/arm64/knowmaps.SwiftConstValuesFileList (in target 'knowmaps' from project 'Know Maps')
    cd /Users/voxels/Documents/dev/Know-Maps/Know-Maps/Know-Maps
    write-file /Users/voxels/Library/Developer/Xcode/DerivedData/Know_Maps-egkaqhsegwaokpcfpeurgwipvhno/Build/Intermediates.noindex/Know\ Maps.build/Debug-iphonesimulator/knowmaps.build/Objects-normal/arm64/knowmaps.SwiftConstValuesFileList

WriteAuxiliaryFile /Users/voxels/Library/Developer/Xcode/DerivedData/Know_Maps-egkaqhsegwaokpcfpeurgwipvhno/Build/Intermediates.noindex/Know\ Maps.build/Debug-iphonesimulator/knowmaps.build/Objects-normal/arm64/knowmaps.SwiftFileList (in target 'knowmaps' from project 'Know Maps')
    cd /Users/voxels/Documents/dev/Know-Maps/Know-Maps/Know-Maps
    write-file /Users/voxels/Library/Developer/Xcode/DerivedData/Know_Maps-egkaqhsegwaokpcfpeurgwipvhno/Build/Intermediates.noindex/Know\ Maps.build/Debug-iphonesimulator/knowmaps.build/Objects-normal/arm64/knowmaps.SwiftFileList

WriteAuxiliaryFile /Users/voxels/Library/Developer/Xcode/DerivedData/Know_Maps-egkaqhsegwaokpcfpeurgwipvhno/Build/Intermediates.noindex/Know\ Maps.build/Debug-iphonesimulator/knowmaps.build/Objects-normal/arm64/knowmaps.LinkFileList (in target 'knowmaps' from project 'Know Maps')
    cd /Users/voxels/Documents/dev/Know-Maps/Know-Maps/Know-Maps
    write-file /Users/voxels/Library/Developer/Xcode/DerivedData/Know_Maps-egkaqhsegwaokpcfpeurgwipvhno/Build/Intermediates.noindex/Know\ Maps.build/Debug-iphonesimulator/knowmaps.build/Objects-normal/arm64/knowmaps.LinkFileList

WriteAuxiliaryFile /Users/voxels/Library/Developer/Xcode/DerivedData/Know_Maps-egkaqhsegwaokpcfpeurgwipvhno/Build/Intermediates.noindex/Know\ Maps.build/Debug-iphonesimulator/knowmaps.build/Objects-normal/arm64/knowmaps-OutputFileMap.json (in target 'knowmaps' from project 'Know Maps')
    cd /Users/voxels/Documents/dev/Know-Maps/Know-Maps/Know-Maps
    write-file /Users/voxels/Library/Developer/Xcode/DerivedData/Know_Maps-egkaqhsegwaokpcfpeurgwipvhno/Build/Intermediates.noindex/Know\ Maps.build/Debug-iphonesimulator/knowmaps.build/Objects-normal/arm64/knowmaps-OutputFileMap.json

Ld /Users/voxels/Library/Developer/Xcode/DerivedData/Know_Maps-egkaqhsegwaokpcfpeurgwipvhno/Build/Products/Debug-iphonesimulator/HTTPTypes.o normal (in target 'HTTPTypes' from project 'swift-http-types')
    cd /Users/voxels/Library/Developer/Xcode/DerivedData/Know_Maps-egkaqhsegwaokpcfpeurgwipvhno/SourcePackages/checkouts/swift-http-types
    /Applications/Xcode.app/Contents/Developer/Toolchains/XcodeDefault.xctoolchain/usr/bin/clang -Xlinker -reproducible -target arm64-apple-ios12.0-simulator -r -isysroot /Applications/Xcode.app/Contents/Developer/Platforms/iPhoneSimulator.platform/Developer/SDKs/iPhoneSimulator26.2.sdk -O0 -w -L/Users/voxels/Library/Developer/Xcode/DerivedData/Know_Maps-egkaqhsegwaokpcfpeurgwipvhno/Build/Intermediates.noindex/EagerLinkingTBDs/Debug-iphonesimulator -L/Users/voxels/Library/Developer/Xcode/DerivedData/Know_Maps-egkaqhsegwaokpcfpeurgwipvhno/Build/Products/Debug-iphonesimulator -L/Applications/Xcode.app/Contents/Developer/Platforms/iPhoneSimulator.platform/Developer/usr/lib -F/Users/voxels/Library/Developer/Xcode/DerivedData/Know_Maps-egkaqhsegwaokpcfpeurgwipvhno/Build/Intermediates.noindex/EagerLinkingTBDs/Debug-iphonesimulator -F/Users/voxels/Library/Developer/Xcode/DerivedData/Know_Maps-egkaqhsegwaokpcfpeurgwipvhno/Build/Products/Debug-iphonesimulator -iframework /Applications/Xcode.app/Contents/Developer/Platforms/iPhoneSimulator.platform/Developer/Library/Frameworks -iframework /Applications/Xcode.app/Contents/Developer/Platforms/iPhoneSimulator.platform/Developer/SDKs/iPhoneSimulator26.2.sdk/Developer/Library/Frameworks -filelist /Users/voxels/Library/Developer/Xcode/DerivedData/Know_Maps-egkaqhsegwaokpcfpeurgwipvhno/Build/Intermediates.noindex/swift-http-types.build/Debug-iphonesimulator/HTTPTypes.build/Objects-normal/arm64/HTTPTypes.LinkFileList -nostdlib -Xlinker -object_path_lto -Xlinker /Users/voxels/Library/Developer/Xcode/DerivedData/Know_Maps-egkaqhsegwaokpcfpeurgwipvhno/Build/Intermediates.noindex/swift-http-types.build/Debug-iphonesimulator/HTTPTypes.build/Objects-normal/arm64/HTTPTypes_lto.o -rdynamic -Xlinker -no_deduplicate -Xlinker -objc_abi_version -Xlinker 2 -Xlinker -dependency_info -Xlinker /Users/voxels/Library/Developer/Xcode/DerivedData/Know_Maps-egkaqhsegwaokpcfpeurgwipvhno/Build/Intermediates.noindex/swift-http-types.build/Debug-iphonesimulator/HTTPTypes.build/Objects-normal/arm64/HTTPTypes_dependency_info.dat -fobjc-link-runtime -L/Applications/Xcode.app/Contents/Developer/Toolchains/XcodeDefault.xctoolchain/usr/lib/swift/iphonesimulator -L/usr/lib/swift -Xlinker -add_ast_path -Xlinker /Users/voxels/Library/Developer/Xcode/DerivedData/Know_Maps-egkaqhsegwaokpcfpeurgwipvhno/Build/Intermediates.noindex/swift-http-types.build/Debug-iphonesimulator/HTTPTypes.build/Objects-normal/arm64/HTTPTypes.swiftmodule @/Users/voxels/Library/Developer/Xcode/DerivedData/Know_Maps-egkaqhsegwaokpcfpeurgwipvhno/Build/Intermediates.noindex/swift-http-types.build/Debug-iphonesimulator/HTTPTypes.build/Objects-normal/arm64/HTTPTypes-linker-args.resp -o /Users/voxels/Library/Developer/Xcode/DerivedData/Know_Maps-egkaqhsegwaokpcfpeurgwipvhno/Build/Products/Debug-iphonesimulator/HTTPTypes.o

Ld /Users/voxels/Library/Developer/Xcode/DerivedData/Know_Maps-egkaqhsegwaokpcfpeurgwipvhno/Build/Products/Debug-iphonesimulator/JSONSafeEncoding.o normal (in target 'JSONSafeEncoding' from project 'JSONSafeEncoding')
    cd /Users/voxels/Library/Developer/Xcode/DerivedData/Know_Maps-egkaqhsegwaokpcfpeurgwipvhno/SourcePackages/checkouts/jsonsafeencoding-swift
    /Applications/Xcode.app/Contents/Developer/Toolchains/XcodeDefault.xctoolchain/usr/bin/clang -Xlinker -reproducible -target arm64-apple-ios13.0-simulator -r -isysroot /Applications/Xcode.app/Contents/Developer/Platforms/iPhoneSimulator.platform/Developer/SDKs/iPhoneSimulator26.2.sdk -O0 -w -L/Users/voxels/Library/Developer/Xcode/DerivedData/Know_Maps-egkaqhsegwaokpcfpeurgwipvhno/Build/Intermediates.noindex/EagerLinkingTBDs/Debug-iphonesimulator -L/Users/voxels/Library/Developer/Xcode/DerivedData/Know_Maps-egkaqhsegwaokpcfpeurgwipvhno/Build/Products/Debug-iphonesimulator -L/Applications/Xcode.app/Contents/Developer/Platforms/iPhoneSimulator.platform/Developer/usr/lib -F/Users/voxels/Library/Developer/Xcode/DerivedData/Know_Maps-egkaqhsegwaokpcfpeurgwipvhno/Build/Intermediates.noindex/EagerLinkingTBDs/Debug-iphonesimulator -F/Users/voxels/Library/Developer/Xcode/DerivedData/Know_Maps-egkaqhsegwaokpcfpeurgwipvhno/Build/Products/Debug-iphonesimulator -iframework /Applications/Xcode.app/Contents/Developer/Platforms/iPhoneSimulator.platform/Developer/Library/Frameworks -iframework /Applications/Xcode.app/Contents/Developer/Platforms/iPhoneSimulator.platform/Developer/SDKs/iPhoneSimulator26.2.sdk/Developer/Library/Frameworks -filelist /Users/voxels/Library/Developer/Xcode/DerivedData/Know_Maps-egkaqhsegwaokpcfpeurgwipvhno/Build/Intermediates.noindex/JSONSafeEncoding.build/Debug-iphonesimulator/JSONSafeEncoding.build/Objects-normal/arm64/JSONSafeEncoding.LinkFileList -nostdlib -Xlinker -object_path_lto -Xlinker /Users/voxels/Library/Developer/Xcode/DerivedData/Know_Maps-egkaqhsegwaokpcfpeurgwipvhno/Build/Intermediates.noindex/JSONSafeEncoding.build/Debug-iphonesimulator/JSONSafeEncoding.build/Objects-normal/arm64/JSONSafeEncoding_lto.o -rdynamic -Xlinker -no_deduplicate -Xlinker -objc_abi_version -Xlinker 2 -Xlinker -dependency_info -Xlinker /Users/voxels/Library/Developer/Xcode/DerivedData/Know_Maps-egkaqhsegwaokpcfpeurgwipvhno/Build/Intermediates.noindex/JSONSafeEncoding.build/Debug-iphonesimulator/JSONSafeEncoding.build/Objects-normal/arm64/JSONSafeEncoding_dependency_info.dat -fobjc-link-runtime -L/Applications/Xcode.app/Contents/Developer/Toolchains/XcodeDefault.xctoolchain/usr/lib/swift/iphonesimulator -L/usr/lib/swift -Xlinker -add_ast_path -Xlinker /Users/voxels/Library/Developer/Xcode/DerivedData/Know_Maps-egkaqhsegwaokpcfpeurgwipvhno/Build/Intermediates.noindex/JSONSafeEncoding.build/Debug-iphonesimulator/JSONSafeEncoding.build/Objects-normal/arm64/JSONSafeEncoding.swiftmodule @/Users/voxels/Library/Developer/Xcode/DerivedData/Know_Maps-egkaqhsegwaokpcfpeurgwipvhno/Build/Intermediates.noindex/JSONSafeEncoding.build/Debug-iphonesimulator/JSONSafeEncoding.build/Objects-normal/arm64/JSONSafeEncoding-linker-args.resp -o /Users/voxels/Library/Developer/Xcode/DerivedData/Know_Maps-egkaqhsegwaokpcfpeurgwipvhno/Build/Products/Debug-iphonesimulator/JSONSafeEncoding.o

Ld /Users/voxels/Library/Developer/Xcode/DerivedData/Know_Maps-egkaqhsegwaokpcfpeurgwipvhno/Build/Products/Debug-iphonesimulator/Sovran.o normal (in target 'Sovran' from project 'Sovran')
    cd /Users/voxels/Library/Developer/Xcode/DerivedData/Know_Maps-egkaqhsegwaokpcfpeurgwipvhno/SourcePackages/checkouts/sovran-swift
    /Applications/Xcode.app/Contents/Developer/Toolchains/XcodeDefault.xctoolchain/usr/bin/clang -Xlinker -reproducible -target arm64-apple-ios13.0-simulator -r -isysroot /Applications/Xcode.app/Contents/Developer/Platforms/iPhoneSimulator.platform/Developer/SDKs/iPhoneSimulator26.2.sdk -O0 -w -L/Users/voxels/Library/Developer/Xcode/DerivedData/Know_Maps-egkaqhsegwaokpcfpeurgwipvhno/Build/Intermediates.noindex/EagerLinkingTBDs/Debug-iphonesimulator -L/Users/voxels/Library/Developer/Xcode/DerivedData/Know_Maps-egkaqhsegwaokpcfpeurgwipvhno/Build/Products/Debug-iphonesimulator -L/Applications/Xcode.app/Contents/Developer/Platforms/iPhoneSimulator.platform/Developer/usr/lib -F/Users/voxels/Library/Developer/Xcode/DerivedData/Know_Maps-egkaqhsegwaokpcfpeurgwipvhno/Build/Intermediates.noindex/EagerLinkingTBDs/Debug-iphonesimulator -F/Users/voxels/Library/Developer/Xcode/DerivedData/Know_Maps-egkaqhsegwaokpcfpeurgwipvhno/Build/Products/Debug-iphonesimulator -iframework /Applications/Xcode.app/Contents/Developer/Platforms/iPhoneSimulator.platform/Developer/Library/Frameworks -iframework /Applications/Xcode.app/Contents/Developer/Platforms/iPhoneSimulator.platform/Developer/SDKs/iPhoneSimulator26.2.sdk/Developer/Library/Frameworks -filelist /Users/voxels/Library/Developer/Xcode/DerivedData/Know_Maps-egkaqhsegwaokpcfpeurgwipvhno/Build/Intermediates.noindex/Sovran.build/Debug-iphonesimulator/Sovran.build/Objects-normal/arm64/Sovran.LinkFileList -nostdlib -Xlinker -object_path_lto -Xlinker /Users/voxels/Library/Developer/Xcode/DerivedData/Know_Maps-egkaqhsegwaokpcfpeurgwipvhno/Build/Intermediates.noindex/Sovran.build/Debug-iphonesimulator/Sovran.build/Objects-normal/arm64/Sovran_lto.o -rdynamic -Xlinker -no_deduplicate -Xlinker -objc_abi_version -Xlinker 2 -Xlinker -dependency_info -Xlinker /Users/voxels/Library/Developer/Xcode/DerivedData/Know_Maps-egkaqhsegwaokpcfpeurgwipvhno/Build/Intermediates.noindex/Sovran.build/Debug-iphonesimulator/Sovran.build/Objects-normal/arm64/Sovran_dependency_info.dat -fobjc-link-runtime -L/Applications/Xcode.app/Contents/Developer/Toolchains/XcodeDefault.xctoolchain/usr/lib/swift/iphonesimulator -L/usr/lib/swift -Xlinker -add_ast_path -Xlinker /Users/voxels/Library/Developer/Xcode/DerivedData/Know_Maps-egkaqhsegwaokpcfpeurgwipvhno/Build/Intermediates.noindex/Sovran.build/Debug-iphonesimulator/Sovran.build/Objects-normal/arm64/Sovran.swiftmodule @/Users/voxels/Library/Developer/Xcode/DerivedData/Know_Maps-egkaqhsegwaokpcfpeurgwipvhno/Build/Intermediates.noindex/Sovran.build/Debug-iphonesimulator/Sovran.build/Objects-normal/arm64/Sovran-linker-args.resp -o /Users/voxels/Library/Developer/Xcode/DerivedData/Know_Maps-egkaqhsegwaokpcfpeurgwipvhno/Build/Products/Debug-iphonesimulator/Sovran.o

Ld /Users/voxels/Library/Developer/Xcode/DerivedData/Know_Maps-egkaqhsegwaokpcfpeurgwipvhno/Build/Products/Debug-iphonesimulator/Nuke.o normal (in target 'Nuke' from project 'Nuke')
    cd /Users/voxels/Library/Developer/Xcode/DerivedData/Know_Maps-egkaqhsegwaokpcfpeurgwipvhno/SourcePackages/checkouts/Nuke
    /Applications/Xcode.app/Contents/Developer/Toolchains/XcodeDefault.xctoolchain/usr/bin/clang -Xlinker -reproducible -target arm64-apple-ios13.0-simulator -r -isysroot /Applications/Xcode.app/Contents/Developer/Platforms/iPhoneSimulator.platform/Developer/SDKs/iPhoneSimulator26.2.sdk -O0 -w -L/Users/voxels/Library/Developer/Xcode/DerivedData/Know_Maps-egkaqhsegwaokpcfpeurgwipvhno/Build/Intermediates.noindex/EagerLinkingTBDs/Debug-iphonesimulator -L/Users/voxels/Library/Developer/Xcode/DerivedData/Know_Maps-egkaqhsegwaokpcfpeurgwipvhno/Build/Products/Debug-iphonesimulator -L/Applications/Xcode.app/Contents/Developer/Platforms/iPhoneSimulator.platform/Developer/usr/lib -F/Users/voxels/Library/Developer/Xcode/DerivedData/Know_Maps-egkaqhsegwaokpcfpeurgwipvhno/Build/Intermediates.noindex/EagerLinkingTBDs/Debug-iphonesimulator -F/Users/voxels/Library/Developer/Xcode/DerivedData/Know_Maps-egkaqhsegwaokpcfpeurgwipvhno/Build/Products/Debug-iphonesimulator -iframework /Applications/Xcode.app/Contents/Developer/Platforms/iPhoneSimulator.platform/Developer/Library/Frameworks -iframework /Applications/Xcode.app/Contents/Developer/Platforms/iPhoneSimulator.platform/Developer/SDKs/iPhoneSimulator26.2.sdk/Developer/Library/Frameworks -filelist /Users/voxels/Library/Developer/Xcode/DerivedData/Know_Maps-egkaqhsegwaokpcfpeurgwipvhno/Build/Intermediates.noindex/Nuke.build/Debug-iphonesimulator/Nuke.build/Objects-normal/arm64/Nuke.LinkFileList -nostdlib -Xlinker -object_path_lto -Xlinker /Users/voxels/Library/Developer/Xcode/DerivedData/Know_Maps-egkaqhsegwaokpcfpeurgwipvhno/Build/Intermediates.noindex/Nuke.build/Debug-iphonesimulator/Nuke.build/Objects-normal/arm64/Nuke_lto.o -rdynamic -Xlinker -no_deduplicate -Xlinker -objc_abi_version -Xlinker 2 -Xlinker -dependency_info -Xlinker /Users/voxels/Library/Developer/Xcode/DerivedData/Know_Maps-egkaqhsegwaokpcfpeurgwipvhno/Build/Intermediates.noindex/Nuke.build/Debug-iphonesimulator/Nuke.build/Objects-normal/arm64/Nuke_dependency_info.dat -fobjc-link-runtime -L/Applications/Xcode.app/Contents/Developer/Toolchains/XcodeDefault.xctoolchain/usr/lib/swift/iphonesimulator -L/usr/lib/swift -Xlinker -add_ast_path -Xlinker /Users/voxels/Library/Developer/Xcode/DerivedData/Know_Maps-egkaqhsegwaokpcfpeurgwipvhno/Build/Intermediates.noindex/Nuke.build/Debug-iphonesimulator/Nuke.build/Objects-normal/arm64/Nuke.swiftmodule @/Users/voxels/Library/Developer/Xcode/DerivedData/Know_Maps-egkaqhsegwaokpcfpeurgwipvhno/Build/Intermediates.noindex/Nuke.build/Debug-iphonesimulator/Nuke.build/Objects-normal/arm64/Nuke-linker-args.resp -o /Users/voxels/Library/Developer/Xcode/DerivedData/Know_Maps-egkaqhsegwaokpcfpeurgwipvhno/Build/Products/Debug-iphonesimulator/Nuke.o

Ld /Users/voxels/Library/Developer/Xcode/DerivedData/Know_Maps-egkaqhsegwaokpcfpeurgwipvhno/Build/Products/Debug-iphonesimulator/ConcurrencyExtras.o normal (in target 'ConcurrencyExtras' from project 'swift-concurrency-extras')
    cd /Users/voxels/Library/Developer/Xcode/DerivedData/Know_Maps-egkaqhsegwaokpcfpeurgwipvhno/SourcePackages/checkouts/swift-concurrency-extras
    /Applications/Xcode.app/Contents/Developer/Toolchains/XcodeDefault.xctoolchain/usr/bin/clang -Xlinker -reproducible -target arm64-apple-ios13.0-simulator -r -isysroot /Applications/Xcode.app/Contents/Developer/Platforms/iPhoneSimulator.platform/Developer/SDKs/iPhoneSimulator26.2.sdk -O0 -w -L/Users/voxels/Library/Developer/Xcode/DerivedData/Know_Maps-egkaqhsegwaokpcfpeurgwipvhno/Build/Intermediates.noindex/EagerLinkingTBDs/Debug-iphonesimulator -L/Users/voxels/Library/Developer/Xcode/DerivedData/Know_Maps-egkaqhsegwaokpcfpeurgwipvhno/Build/Products/Debug-iphonesimulator -L/Applications/Xcode.app/Contents/Developer/Platforms/iPhoneSimulator.platform/Developer/usr/lib -F/Users/voxels/Library/Developer/Xcode/DerivedData/Know_Maps-egkaqhsegwaokpcfpeurgwipvhno/Build/Intermediates.noindex/EagerLinkingTBDs/Debug-iphonesimulator -F/Users/voxels/Library/Developer/Xcode/DerivedData/Know_Maps-egkaqhsegwaokpcfpeurgwipvhno/Build/Products/Debug-iphonesimulator -iframework /Applications/Xcode.app/Contents/Developer/Platforms/iPhoneSimulator.platform/Developer/Library/Frameworks -iframework /Applications/Xcode.app/Contents/Developer/Platforms/iPhoneSimulator.platform/Developer/SDKs/iPhoneSimulator26.2.sdk/Developer/Library/Frameworks -filelist /Users/voxels/Library/Developer/Xcode/DerivedData/Know_Maps-egkaqhsegwaokpcfpeurgwipvhno/Build/Intermediates.noindex/swift-concurrency-extras.build/Debug-iphonesimulator/ConcurrencyExtras.build/Objects-normal/arm64/ConcurrencyExtras.LinkFileList -nostdlib -Xlinker -object_path_lto -Xlinker /Users/voxels/Library/Developer/Xcode/DerivedData/Know_Maps-egkaqhsegwaokpcfpeurgwipvhno/Build/Intermediates.noindex/swift-concurrency-extras.build/Debug-iphonesimulator/ConcurrencyExtras.build/Objects-normal/arm64/ConcurrencyExtras_lto.o -rdynamic -Xlinker -no_deduplicate -Xlinker -objc_abi_version -Xlinker 2 -Xlinker -dependency_info -Xlinker /Users/voxels/Library/Developer/Xcode/DerivedData/Know_Maps-egkaqhsegwaokpcfpeurgwipvhno/Build/Intermediates.noindex/swift-concurrency-extras.build/Debug-iphonesimulator/ConcurrencyExtras.build/Objects-normal/arm64/ConcurrencyExtras_dependency_info.dat -fobjc-link-runtime -L/Applications/Xcode.app/Contents/Developer/Toolchains/XcodeDefault.xctoolchain/usr/lib/swift/iphonesimulator -L/usr/lib/swift -Xlinker -add_ast_path -Xlinker /Users/voxels/Library/Developer/Xcode/DerivedData/Know_Maps-egkaqhsegwaokpcfpeurgwipvhno/Build/Intermediates.noindex/swift-concurrency-extras.build/Debug-iphonesimulator/ConcurrencyExtras.build/Objects-normal/arm64/ConcurrencyExtras.swiftmodule @/Users/voxels/Library/Developer/Xcode/DerivedData/Know_Maps-egkaqhsegwaokpcfpeurgwipvhno/Build/Intermediates.noindex/swift-concurrency-extras.build/Debug-iphonesimulator/ConcurrencyExtras.build/Objects-normal/arm64/ConcurrencyExtras-linker-args.resp -o /Users/voxels/Library/Developer/Xcode/DerivedData/Know_Maps-egkaqhsegwaokpcfpeurgwipvhno/Build/Products/Debug-iphonesimulator/ConcurrencyExtras.o

Ld /Users/voxels/Library/Developer/Xcode/DerivedData/Know_Maps-egkaqhsegwaokpcfpeurgwipvhno/Build/Products/Debug-iphonesimulator/IssueReportingPackageSupport.o normal (in target 'IssueReportingPackageSupport' from project 'xctest-dynamic-overlay')
    cd /Users/voxels/Library/Developer/Xcode/DerivedData/Know_Maps-egkaqhsegwaokpcfpeurgwipvhno/SourcePackages/checkouts/xctest-dynamic-overlay
    /Applications/Xcode.app/Contents/Developer/Toolchains/XcodeDefault.xctoolchain/usr/bin/clang -Xlinker -reproducible -target arm64-apple-ios13.0-simulator -r -isysroot /Applications/Xcode.app/Contents/Developer/Platforms/iPhoneSimulator.platform/Developer/SDKs/iPhoneSimulator26.2.sdk -O0 -w -L/Users/voxels/Library/Developer/Xcode/DerivedData/Know_Maps-egkaqhsegwaokpcfpeurgwipvhno/Build/Intermediates.noindex/EagerLinkingTBDs/Debug-iphonesimulator -L/Users/voxels/Library/Developer/Xcode/DerivedData/Know_Maps-egkaqhsegwaokpcfpeurgwipvhno/Build/Products/Debug-iphonesimulator -L/Applications/Xcode.app/Contents/Developer/Platforms/iPhoneSimulator.platform/Developer/usr/lib -F/Users/voxels/Library/Developer/Xcode/DerivedData/Know_Maps-egkaqhsegwaokpcfpeurgwipvhno/Build/Intermediates.noindex/EagerLinkingTBDs/Debug-iphonesimulator -F/Users/voxels/Library/Developer/Xcode/DerivedData/Know_Maps-egkaqhsegwaokpcfpeurgwipvhno/Build/Products/Debug-iphonesimulator -iframework /Applications/Xcode.app/Contents/Developer/Platforms/iPhoneSimulator.platform/Developer/Library/Frameworks -iframework /Applications/Xcode.app/Contents/Developer/Platforms/iPhoneSimulator.platform/Developer/SDKs/iPhoneSimulator26.2.sdk/Developer/Library/Frameworks -filelist /Users/voxels/Library/Developer/Xcode/DerivedData/Know_Maps-egkaqhsegwaokpcfpeurgwipvhno/Build/Intermediates.noindex/xctest-dynamic-overlay.build/Debug-iphonesimulator/IssueReportingPackageSupport.build/Objects-normal/arm64/IssueReportingPackageSupport.LinkFileList -nostdlib -Xlinker -object_path_lto -Xlinker /Users/voxels/Library/Developer/Xcode/DerivedData/Know_Maps-egkaqhsegwaokpcfpeurgwipvhno/Build/Intermediates.noindex/xctest-dynamic-overlay.build/Debug-iphonesimulator/IssueReportingPackageSupport.build/Objects-normal/arm64/IssueReportingPackageSupport_lto.o -rdynamic -Xlinker -no_deduplicate -Xlinker -objc_abi_version -Xlinker 2 -Xlinker -dependency_info -Xlinker /Users/voxels/Library/Developer/Xcode/DerivedData/Know_Maps-egkaqhsegwaokpcfpeurgwipvhno/Build/Intermediates.noindex/xctest-dynamic-overlay.build/Debug-iphonesimulator/IssueReportingPackageSupport.build/Objects-normal/arm64/IssueReportingPackageSupport_dependency_info.dat -fobjc-link-runtime -L/Applications/Xcode.app/Contents/Developer/Toolchains/XcodeDefault.xctoolchain/usr/lib/swift/iphonesimulator -L/usr/lib/swift -Xlinker -add_ast_path -Xlinker /Users/voxels/Library/Developer/Xcode/DerivedData/Know_Maps-egkaqhsegwaokpcfpeurgwipvhno/Build/Intermediates.noindex/xctest-dynamic-overlay.build/Debug-iphonesimulator/IssueReportingPackageSupport.build/Objects-normal/arm64/IssueReportingPackageSupport.swiftmodule @/Users/voxels/Library/Developer/Xcode/DerivedData/Know_Maps-egkaqhsegwaokpcfpeurgwipvhno/Build/Intermediates.noindex/xctest-dynamic-overlay.build/Debug-iphonesimulator/IssueReportingPackageSupport.build/Objects-normal/arm64/IssueReportingPackageSupport-linker-args.resp -o /Users/voxels/Library/Developer/Xcode/DerivedData/Know_Maps-egkaqhsegwaokpcfpeurgwipvhno/Build/Products/Debug-iphonesimulator/IssueReportingPackageSupport.o

Ld /Users/voxels/Library/Developer/Xcode/DerivedData/Know_Maps-egkaqhsegwaokpcfpeurgwipvhno/Build/Products/Debug-iphonesimulator/Crypto.o normal (in target 'Crypto' from project 'swift-crypto')
    cd /Users/voxels/Library/Developer/Xcode/DerivedData/Know_Maps-egkaqhsegwaokpcfpeurgwipvhno/SourcePackages/checkouts/swift-crypto
    /Applications/Xcode.app/Contents/Developer/Toolchains/XcodeDefault.xctoolchain/usr/bin/clang -Xlinker -reproducible -target arm64-apple-ios12.0-simulator -r -isysroot /Applications/Xcode.app/Contents/Developer/Platforms/iPhoneSimulator.platform/Developer/SDKs/iPhoneSimulator26.2.sdk -O0 -w -L/Users/voxels/Library/Developer/Xcode/DerivedData/Know_Maps-egkaqhsegwaokpcfpeurgwipvhno/Build/Intermediates.noindex/EagerLinkingTBDs/Debug-iphonesimulator -L/Users/voxels/Library/Developer/Xcode/DerivedData/Know_Maps-egkaqhsegwaokpcfpeurgwipvhno/Build/Products/Debug-iphonesimulator -L/Applications/Xcode.app/Contents/Developer/Platforms/iPhoneSimulator.platform/Developer/usr/lib -F/Users/voxels/Library/Developer/Xcode/DerivedData/Know_Maps-egkaqhsegwaokpcfpeurgwipvhno/Build/Intermediates.noindex/EagerLinkingTBDs/Debug-iphonesimulator -F/Users/voxels/Library/Developer/Xcode/DerivedData/Know_Maps-egkaqhsegwaokpcfpeurgwipvhno/Build/Products/Debug-iphonesimulator -iframework /Applications/Xcode.app/Contents/Developer/Platforms/iPhoneSimulator.platform/Developer/Library/Frameworks -iframework /Applications/Xcode.app/Contents/Developer/Platforms/iPhoneSimulator.platform/Developer/SDKs/iPhoneSimulator26.2.sdk/Developer/Library/Frameworks -filelist /Users/voxels/Library/Developer/Xcode/DerivedData/Know_Maps-egkaqhsegwaokpcfpeurgwipvhno/Build/Intermediates.noindex/swift-crypto.build/Debug-iphonesimulator/Crypto.build/Objects-normal/arm64/Crypto.LinkFileList -nostdlib -Xlinker -object_path_lto -Xlinker /Users/voxels/Library/Developer/Xcode/DerivedData/Know_Maps-egkaqhsegwaokpcfpeurgwipvhno/Build/Intermediates.noindex/swift-crypto.build/Debug-iphonesimulator/Crypto.build/Objects-normal/arm64/Crypto_lto.o -rdynamic -Xlinker -no_deduplicate -Xlinker -objc_abi_version -Xlinker 2 -Xlinker -dependency_info -Xlinker /Users/voxels/Library/Developer/Xcode/DerivedData/Know_Maps-egkaqhsegwaokpcfpeurgwipvhno/Build/Intermediates.noindex/swift-crypto.build/Debug-iphonesimulator/Crypto.build/Objects-normal/arm64/Crypto_dependency_info.dat -fobjc-link-runtime -L/Applications/Xcode.app/Contents/Developer/Toolchains/XcodeDefault.xctoolchain/usr/lib/swift/iphonesimulator -L/usr/lib/swift -Xlinker -add_ast_path -Xlinker /Users/voxels/Library/Developer/Xcode/DerivedData/Know_Maps-egkaqhsegwaokpcfpeurgwipvhno/Build/Intermediates.noindex/swift-crypto.build/Debug-iphonesimulator/Crypto.build/Objects-normal/arm64/Crypto.swiftmodule @/Users/voxels/Library/Developer/Xcode/DerivedData/Know_Maps-egkaqhsegwaokpcfpeurgwipvhno/Build/Intermediates.noindex/swift-crypto.build/Debug-iphonesimulator/Crypto.build/Objects-normal/arm64/Crypto-linker-args.resp -o /Users/voxels/Library/Developer/Xcode/DerivedData/Know_Maps-egkaqhsegwaokpcfpeurgwipvhno/Build/Products/Debug-iphonesimulator/Crypto.o

SwiftDriver knowmaps normal arm64 com.apple.xcode.tools.swift.compiler (in target 'knowmaps' from project 'Know Maps')
    cd /Users/voxels/Documents/dev/Know-Maps/Know-Maps/Know-Maps
    builtin-SwiftDriver -- /Applications/Xcode.app/Contents/Developer/Toolchains/XcodeDefault.xctoolchain/usr/bin/swiftc -module-name knowmaps -Onone -enforce-exclusivity\=checked @/Users/voxels/Library/Developer/Xcode/DerivedData/Know_Maps-egkaqhsegwaokpcfpeurgwipvhno/Build/Intermediates.noindex/Know\ Maps.build/Debug-iphonesimulator/knowmaps.build/Objects-normal/arm64/knowmaps.SwiftFileList -DDEBUG -enable-bare-slash-regex -enable-upcoming-feature DisableOutwardActorInference -enable-upcoming-feature InferSendableFromCaptures -enable-upcoming-feature GlobalActorIsolatedTypesUsability -enable-upcoming-feature MemberImportVisibility -enable-upcoming-feature InferIsolatedConformances -enable-upcoming-feature NonisolatedNonsendingByDefault -enable-experimental-feature DebugDescriptionMacro -sdk /Applications/Xcode.app/Contents/Developer/Platforms/iPhoneSimulator.platform/Developer/SDKs/iPhoneSimulator26.2.sdk -target arm64-apple-ios26.0-simulator -g -module-cache-path /Users/voxels/Library/Developer/Xcode/DerivedData/ModuleCache.noindex -Xfrontend -serialize-debugging-options -enable-testing -index-store-path /Users/voxels/Library/Developer/Xcode/DerivedData/Know_Maps-egkaqhsegwaokpcfpeurgwipvhno/Index.noindex/DataStore -enable-library-evolution -Xcc -D_LIBCPP_HARDENING_MODE\=_LIBCPP_HARDENING_MODE_DEBUG -swift-version 5 -I /Users/voxels/Library/Developer/Xcode/DerivedData/Know_Maps-egkaqhsegwaokpcfpeurgwipvhno/Build/Products/Debug-iphonesimulator -F /Users/voxels/Library/Developer/Xcode/DerivedData/Know_Maps-egkaqhsegwaokpcfpeurgwipvhno/Build/Products/Debug-iphonesimulator/PackageFrameworks -F /Users/voxels/Library/Developer/Xcode/DerivedData/Know_Maps-egkaqhsegwaokpcfpeurgwipvhno/Build/Products/Debug-iphonesimulator/PackageFrameworks -F /Users/voxels/Library/Developer/Xcode/DerivedData/Know_Maps-egkaqhsegwaokpcfpeurgwipvhno/Build/Products/Debug-iphonesimulator/PackageFrameworks -F /Users/voxels/Library/Developer/Xcode/DerivedData/Know_Maps-egkaqhsegwaokpcfpeurgwipvhno/Build/Products/Debug-iphonesimulator/PackageFrameworks -F /Users/voxels/Library/Developer/Xcode/DerivedData/Know_Maps-egkaqhsegwaokpcfpeurgwipvhno/Build/Products/Debug-iphonesimulator/PackageFrameworks -F /Users/voxels/Library/Developer/Xcode/DerivedData/Know_Maps-egkaqhsegwaokpcfpeurgwipvhno/Build/Products/Debug-iphonesimulator/PackageFrameworks -F /Users/voxels/Library/Developer/Xcode/DerivedData/Know_Maps-egkaqhsegwaokpcfpeurgwipvhno/Build/Products/Debug-iphonesimulator/PackageFrameworks -F /Users/voxels/Library/Developer/Xcode/DerivedData/Know_Maps-egkaqhsegwaokpcfpeurgwipvhno/Build/Products/Debug-iphonesimulator/PackageFrameworks -F /Users/voxels/Library/Developer/Xcode/DerivedData/Know_Maps-egkaqhsegwaokpcfpeurgwipvhno/Build/Products/Debug-iphonesimulator/PackageFrameworks -F /Users/voxels/Library/Developer/Xcode/DerivedData/Know_Maps-egkaqhsegwaokpcfpeurgwipvhno/Build/Products/Debug-iphonesimulator/PackageFrameworks -F /Users/voxels/Library/Developer/Xcode/DerivedData/Know_Maps-egkaqhsegwaokpcfpeurgwipvhno/Build/Products/Debug-iphonesimulator/PackageFrameworks -F /Users/voxels/Library/Developer/Xcode/DerivedData/Know_Maps-egkaqhsegwaokpcfpeurgwipvhno/Build/Products/Debug-iphonesimulator/PackageFrameworks -F /Users/voxels/Library/Developer/Xcode/DerivedData/Know_Maps-egkaqhsegwaokpcfpeurgwipvhno/Build/Products/Debug-iphonesimulator/PackageFrameworks -F /Users/voxels/Library/Developer/Xcode/DerivedData/Know_Maps-egkaqhsegwaokpcfpeurgwipvhno/Build/Products/Debug-iphonesimulator/PackageFrameworks -F /Users/voxels/Library/Developer/Xcode/DerivedData/Know_Maps-egkaqhsegwaokpcfpeurgwipvhno/Build/Products/Debug-iphonesimulator/PackageFrameworks -F /Users/voxels/Library/Developer/Xcode/DerivedData/Know_Maps-egkaqhsegwaokpcfpeurgwipvhno/Build/Products/Debug-iphonesimulator/PackageFrameworks -F /Users/voxels/Library/Developer/Xcode/DerivedData/Know_Maps-egkaqhsegwaokpcfpeurgwipvhno/Build/Products/Debug-iphonesimulator/PackageFrameworks -F /Users/voxels/Library/Developer/Xcode/DerivedData/Know_Maps-egkaqhsegwaokpcfpeurgwipvhno/Build/Products/Debug-iphonesimulator/PackageFrameworks -F /Users/voxels/Library/Developer/Xcode/DerivedData/Know_Maps-egkaqhsegwaokpcfpeurgwipvhno/Build/Products/Debug-iphonesimulator/PackageFrameworks -F /Users/voxels/Library/Developer/Xcode/DerivedData/Know_Maps-egkaqhsegwaokpcfpeurgwipvhno/Build/Products/Debug-iphonesimulator -emit-localized-strings -emit-localized-strings-path /Users/voxels/Library/Developer/Xcode/DerivedData/Know_Maps-egkaqhsegwaokpcfpeurgwipvhno/Build/Intermediates.noindex/Know\ Maps.build/Debug-iphonesimulator/knowmaps.build/Objects-normal/arm64 -c -j12 -enable-batch-mode -incremental -Xcc -ivfsstatcache -Xcc /Users/voxels/Library/Developer/Xcode/DerivedData/SDKStatCaches.noindex/iphonesimulator26.2-23C53-7d00a8b37fbd7999ea79df8ebc024bf0.sdkstatcache -output-file-map /Users/voxels/Library/Developer/Xcode/DerivedData/Know_Maps-egkaqhsegwaokpcfpeurgwipvhno/Build/Intermediates.noindex/Know\ Maps.build/Debug-iphonesimulator/knowmaps.build/Objects-normal/arm64/knowmaps-OutputFileMap.json -use-frontend-parseable-output -save-temps -no-color-diagnostics -explicit-module-build -module-cache-path /Users/voxels/Library/Developer/Xcode/DerivedData/Know_Maps-egkaqhsegwaokpcfpeurgwipvhno/Build/Intermediates.noindex/SwiftExplicitPrecompiledModules -clang-scanner-module-cache-path /Users/voxels/Library/Developer/Xcode/DerivedData/ModuleCache.noindex -sdk-module-cache-path /Users/voxels/Library/Developer/Xcode/DerivedData/ModuleCache.noindex -serialize-diagnostics -emit-dependencies -emit-module -emit-module-path /Users/voxels/Library/Developer/Xcode/DerivedData/Know_Maps-egkaqhsegwaokpcfpeurgwipvhno/Build/Intermediates.noindex/Know\ Maps.build/Debug-iphonesimulator/knowmaps.build/Objects-normal/arm64/knowmaps.swiftmodule -emit-module-interface-path /Users/voxels/Library/Developer/Xcode/DerivedData/Know_Maps-egkaqhsegwaokpcfpeurgwipvhno/Build/Intermediates.noindex/Know\ Maps.build/Debug-iphonesimulator/knowmaps.build/Objects-normal/arm64/knowmaps.swiftinterface -emit-private-module-interface-path /Users/voxels/Library/Developer/Xcode/DerivedData/Know_Maps-egkaqhsegwaokpcfpeurgwipvhno/Build/Intermediates.noindex/Know\ Maps.build/Debug-iphonesimulator/knowmaps.build/Objects-normal/arm64/knowmaps.private.swiftinterface -validate-clang-modules-once -clang-build-session-file /Users/voxels/Library/Developer/Xcode/DerivedData/ModuleCache.noindex/Session.modulevalidation -Xcc -I/Users/voxels/Library/Developer/Xcode/DerivedData/Know_Maps-egkaqhsegwaokpcfpeurgwipvhno/Build/Intermediates.noindex/Know\ Maps.build/Debug-iphonesimulator/knowmaps.build/swift-overrides.hmap -emit-const-values -Xfrontend -const-gather-protocols-file -Xfrontend /Users/voxels/Library/Developer/Xcode/DerivedData/Know_Maps-egkaqhsegwaokpcfpeurgwipvhno/Build/Intermediates.noindex/Know\ Maps.build/Debug-iphonesimulator/knowmaps.build/Objects-normal/arm64/knowmaps_const_extract_protocols.json -Xcc -iquote -Xcc /Users/voxels/Library/Developer/Xcode/DerivedData/Know_Maps-egkaqhsegwaokpcfpeurgwipvhno/Build/Intermediates.noindex/Know\ Maps.build/Debug-iphonesimulator/knowmaps.build/knowmaps-generated-files.hmap -Xcc -I/Users/voxels/Library/Developer/Xcode/DerivedData/Know_Maps-egkaqhsegwaokpcfpeurgwipvhno/Build/Intermediates.noindex/Know\ Maps.build/Debug-iphonesimulator/knowmaps.build/knowmaps-own-target-headers.hmap -Xcc -I/Users/voxels/Library/Developer/Xcode/DerivedData/Know_Maps-egkaqhsegwaokpcfpeurgwipvhno/Build/Intermediates.noindex/Know\ Maps.build/Debug-iphonesimulator/knowmaps.build/knowmaps-all-non-framework-target-headers.hmap -Xcc -ivfsoverlay -Xcc /Users/voxels/Library/Developer/Xcode/DerivedData/Know_Maps-egkaqhsegwaokpcfpeurgwipvhno/Build/Intermediates.noindex/Know\ Maps.build/Debug-iphonesimulator/Know\ Maps-0bba29ca7f97ed907bcadf796d74f379-VFS-iphonesimulator/all-product-headers.yaml -Xcc -iquote -Xcc /Users/voxels/Library/Developer/Xcode/DerivedData/Know_Maps-egkaqhsegwaokpcfpeurgwipvhno/Build/Intermediates.noindex/Know\ Maps.build/Debug-iphonesimulator/knowmaps.build/knowmaps-project-headers.hmap -Xcc -I/Users/voxels/Library/Developer/Xcode/DerivedData/Know_Maps-egkaqhsegwaokpcfpeurgwipvhno/Build/Products/Debug-iphonesimulator/include -Xcc -I/Users/voxels/Library/Developer/Xcode/DerivedData/Know_Maps-egkaqhsegwaokpcfpeurgwipvhno/Build/Intermediates.noindex/Know\ Maps.build/Debug-iphonesimulator/knowmaps.build/DerivedSources-normal/arm64 -Xcc -I/Users/voxels/Library/Developer/Xcode/DerivedData/Know_Maps-egkaqhsegwaokpcfpeurgwipvhno/Build/Intermediates.noindex/Know\ Maps.build/Debug-iphonesimulator/knowmaps.build/DerivedSources/arm64 -Xcc -I/Users/voxels/Library/Developer/Xcode/DerivedData/Know_Maps-egkaqhsegwaokpcfpeurgwipvhno/Build/Intermediates.noindex/Know\ Maps.build/Debug-iphonesimulator/knowmaps.build/DerivedSources -Xcc -DDEBUG\=1 -emit-objc-header -emit-objc-header-path /Users/voxels/Library/Developer/Xcode/DerivedData/Know_Maps-egkaqhsegwaokpcfpeurgwipvhno/Build/Intermediates.noindex/Know\ Maps.build/Debug-iphonesimulator/knowmaps.build/Objects-normal/arm64/knowmaps-Swift.h -working-directory /Users/voxels/Documents/dev/Know-Maps/Know-Maps/Know-Maps -experimental-emit-module-separately -disable-cmo

ExtractAppIntentsMetadata (in target 'IssueReportingPackageSupport' from project 'xctest-dynamic-overlay')
    cd /Users/voxels/Library/Developer/Xcode/DerivedData/Know_Maps-egkaqhsegwaokpcfpeurgwipvhno/SourcePackages/checkouts/xctest-dynamic-overlay
    /Applications/Xcode.app/Contents/Developer/Toolchains/XcodeDefault.xctoolchain/usr/bin/appintentsmetadataprocessor --toolchain-dir /Applications/Xcode.app/Contents/Developer/Toolchains/XcodeDefault.xctoolchain --module-name IssueReportingPackageSupport --sdk-root /Applications/Xcode.app/Contents/Developer/Platforms/iPhoneSimulator.platform/Developer/SDKs/iPhoneSimulator26.2.sdk --xcode-version 17C52 --platform-family iOS --deployment-target 13.0 --bundle-identifier xctest-dynamic-overlay.IssueReportingPackageSupport --output /Users/voxels/Library/Developer/Xcode/DerivedData/Know_Maps-egkaqhsegwaokpcfpeurgwipvhno/Build/Products/Debug-iphonesimulator/IssueReportingPackageSupport.appintents --target-triple arm64-apple-ios13.0-simulator --binary-file /Users/voxels/Library/Developer/Xcode/DerivedData/Know_Maps-egkaqhsegwaokpcfpeurgwipvhno/Build/Products/Debug-iphonesimulator/IssueReportingPackageSupport.o --dependency-file /Users/voxels/Library/Developer/Xcode/DerivedData/Know_Maps-egkaqhsegwaokpcfpeurgwipvhno/Build/Intermediates.noindex/xctest-dynamic-overlay.build/Debug-iphonesimulator/IssueReportingPackageSupport.build/Objects-normal/arm64/IssueReportingPackageSupport_dependency_info.dat --stringsdata-file /Users/voxels/Library/Developer/Xcode/DerivedData/Know_Maps-egkaqhsegwaokpcfpeurgwipvhno/Build/Intermediates.noindex/xctest-dynamic-overlay.build/Debug-iphonesimulator/IssueReportingPackageSupport.build/Objects-normal/arm64/ExtractedAppShortcutsMetadata.stringsdata --source-file-list /Users/voxels/Library/Developer/Xcode/DerivedData/Know_Maps-egkaqhsegwaokpcfpeurgwipvhno/Build/Intermediates.noindex/xctest-dynamic-overlay.build/Debug-iphonesimulator/IssueReportingPackageSupport.build/Objects-normal/arm64/IssueReportingPackageSupport.SwiftFileList --metadata-file-list /Users/voxels/Library/Developer/Xcode/DerivedData/Know_Maps-egkaqhsegwaokpcfpeurgwipvhno/Build/Intermediates.noindex/xctest-dynamic-overlay.build/Debug-iphonesimulator/IssueReportingPackageSupport.build/IssueReportingPackageSupport.DependencyMetadataFileList --static-metadata-file-list /Users/voxels/Library/Developer/Xcode/DerivedData/Know_Maps-egkaqhsegwaokpcfpeurgwipvhno/Build/Intermediates.noindex/xctest-dynamic-overlay.build/Debug-iphonesimulator/IssueReportingPackageSupport.build/IssueReportingPackageSupport.DependencyStaticMetadataFileList --swift-const-vals-list /Users/voxels/Library/Developer/Xcode/DerivedData/Know_Maps-egkaqhsegwaokpcfpeurgwipvhno/Build/Intermediates.noindex/xctest-dynamic-overlay.build/Debug-iphonesimulator/IssueReportingPackageSupport.build/Objects-normal/arm64/IssueReportingPackageSupport.SwiftConstValuesFileList --force --compile-time-extraction --deployment-aware-processing --validate-assistant-intents --no-app-shortcuts-localization
2025-12-27 08:04:18.043 appintentsmetadataprocessor[76997:10115753] Starting appintentsmetadataprocessor export
2025-12-27 08:04:18.222 appintentsmetadataprocessor[76997:10115753] Extracted no relevant App Intents symbols, skipping writing output

ExtractAppIntentsMetadata (in target 'ConcurrencyExtras' from project 'swift-concurrency-extras')
    cd /Users/voxels/Library/Developer/Xcode/DerivedData/Know_Maps-egkaqhsegwaokpcfpeurgwipvhno/SourcePackages/checkouts/swift-concurrency-extras
    /Applications/Xcode.app/Contents/Developer/Toolchains/XcodeDefault.xctoolchain/usr/bin/appintentsmetadataprocessor --toolchain-dir /Applications/Xcode.app/Contents/Developer/Toolchains/XcodeDefault.xctoolchain --module-name ConcurrencyExtras --sdk-root /Applications/Xcode.app/Contents/Developer/Platforms/iPhoneSimulator.platform/Developer/SDKs/iPhoneSimulator26.2.sdk --xcode-version 17C52 --platform-family iOS --deployment-target 13.0 --bundle-identifier swift-concurrency-extras.ConcurrencyExtras --output /Users/voxels/Library/Developer/Xcode/DerivedData/Know_Maps-egkaqhsegwaokpcfpeurgwipvhno/Build/Products/Debug-iphonesimulator/ConcurrencyExtras.appintents --target-triple arm64-apple-ios13.0-simulator --binary-file /Users/voxels/Library/Developer/Xcode/DerivedData/Know_Maps-egkaqhsegwaokpcfpeurgwipvhno/Build/Products/Debug-iphonesimulator/ConcurrencyExtras.o --dependency-file /Users/voxels/Library/Developer/Xcode/DerivedData/Know_Maps-egkaqhsegwaokpcfpeurgwipvhno/Build/Intermediates.noindex/swift-concurrency-extras.build/Debug-iphonesimulator/ConcurrencyExtras.build/Objects-normal/arm64/ConcurrencyExtras_dependency_info.dat --stringsdata-file /Users/voxels/Library/Developer/Xcode/DerivedData/Know_Maps-egkaqhsegwaokpcfpeurgwipvhno/Build/Intermediates.noindex/swift-concurrency-extras.build/Debug-iphonesimulator/ConcurrencyExtras.build/Objects-normal/arm64/ExtractedAppShortcutsMetadata.stringsdata --source-file-list /Users/voxels/Library/Developer/Xcode/DerivedData/Know_Maps-egkaqhsegwaokpcfpeurgwipvhno/Build/Intermediates.noindex/swift-concurrency-extras.build/Debug-iphonesimulator/ConcurrencyExtras.build/Objects-normal/arm64/ConcurrencyExtras.SwiftFileList --metadata-file-list /Users/voxels/Library/Developer/Xcode/DerivedData/Know_Maps-egkaqhsegwaokpcfpeurgwipvhno/Build/Intermediates.noindex/swift-concurrency-extras.build/Debug-iphonesimulator/ConcurrencyExtras.build/ConcurrencyExtras.DependencyMetadataFileList --static-metadata-file-list /Users/voxels/Library/Developer/Xcode/DerivedData/Know_Maps-egkaqhsegwaokpcfpeurgwipvhno/Build/Intermediates.noindex/swift-concurrency-extras.build/Debug-iphonesimulator/ConcurrencyExtras.build/ConcurrencyExtras.DependencyStaticMetadataFileList --swift-const-vals-list /Users/voxels/Library/Developer/Xcode/DerivedData/Know_Maps-egkaqhsegwaokpcfpeurgwipvhno/Build/Intermediates.noindex/swift-concurrency-extras.build/Debug-iphonesimulator/ConcurrencyExtras.build/Objects-normal/arm64/ConcurrencyExtras.SwiftConstValuesFileList --force --compile-time-extraction --deployment-aware-processing --validate-assistant-intents --no-app-shortcuts-localization
2025-12-27 08:04:18.043 appintentsmetadataprocessor[76998:10115754] Starting appintentsmetadataprocessor export
2025-12-27 08:04:18.226 appintentsmetadataprocessor[76998:10115754] Extracted no relevant App Intents symbols, skipping writing output

ExtractAppIntentsMetadata (in target 'Sovran' from project 'Sovran')
    cd /Users/voxels/Library/Developer/Xcode/DerivedData/Know_Maps-egkaqhsegwaokpcfpeurgwipvhno/SourcePackages/checkouts/sovran-swift
    /Applications/Xcode.app/Contents/Developer/Toolchains/XcodeDefault.xctoolchain/usr/bin/appintentsmetadataprocessor --toolchain-dir /Applications/Xcode.app/Contents/Developer/Toolchains/XcodeDefault.xctoolchain --module-name Sovran --sdk-root /Applications/Xcode.app/Contents/Developer/Platforms/iPhoneSimulator.platform/Developer/SDKs/iPhoneSimulator26.2.sdk --xcode-version 17C52 --platform-family iOS --deployment-target 13.0 --bundle-identifier sovran-swift.Sovran --output /Users/voxels/Library/Developer/Xcode/DerivedData/Know_Maps-egkaqhsegwaokpcfpeurgwipvhno/Build/Products/Debug-iphonesimulator/Sovran.appintents --target-triple arm64-apple-ios13.0-simulator --binary-file /Users/voxels/Library/Developer/Xcode/DerivedData/Know_Maps-egkaqhsegwaokpcfpeurgwipvhno/Build/Products/Debug-iphonesimulator/Sovran.o --dependency-file /Users/voxels/Library/Developer/Xcode/DerivedData/Know_Maps-egkaqhsegwaokpcfpeurgwipvhno/Build/Intermediates.noindex/Sovran.build/Debug-iphonesimulator/Sovran.build/Objects-normal/arm64/Sovran_dependency_info.dat --stringsdata-file /Users/voxels/Library/Developer/Xcode/DerivedData/Know_Maps-egkaqhsegwaokpcfpeurgwipvhno/Build/Intermediates.noindex/Sovran.build/Debug-iphonesimulator/Sovran.build/Objects-normal/arm64/ExtractedAppShortcutsMetadata.stringsdata --source-file-list /Users/voxels/Library/Developer/Xcode/DerivedData/Know_Maps-egkaqhsegwaokpcfpeurgwipvhno/Build/Intermediates.noindex/Sovran.build/Debug-iphonesimulator/Sovran.build/Objects-normal/arm64/Sovran.SwiftFileList --metadata-file-list /Users/voxels/Library/Developer/Xcode/DerivedData/Know_Maps-egkaqhsegwaokpcfpeurgwipvhno/Build/Intermediates.noindex/Sovran.build/Debug-iphonesimulator/Sovran.build/Sovran.DependencyMetadataFileList --static-metadata-file-list /Users/voxels/Library/Developer/Xcode/DerivedData/Know_Maps-egkaqhsegwaokpcfpeurgwipvhno/Build/Intermediates.noindex/Sovran.build/Debug-iphonesimulator/Sovran.build/Sovran.DependencyStaticMetadataFileList --swift-const-vals-list /Users/voxels/Library/Developer/Xcode/DerivedData/Know_Maps-egkaqhsegwaokpcfpeurgwipvhno/Build/Intermediates.noindex/Sovran.build/Debug-iphonesimulator/Sovran.build/Objects-normal/arm64/Sovran.SwiftConstValuesFileList --force --compile-time-extraction --deployment-aware-processing --validate-assistant-intents --no-app-shortcuts-localization
2025-12-27 08:04:18.043 appintentsmetadataprocessor[76999:10115755] Starting appintentsmetadataprocessor export
2025-12-27 08:04:18.174 appintentsmetadataprocessor[76999:10115755] Extracted no relevant App Intents symbols, skipping writing output

ExtractAppIntentsMetadata (in target 'JSONSafeEncoding' from project 'JSONSafeEncoding')
    cd /Users/voxels/Library/Developer/Xcode/DerivedData/Know_Maps-egkaqhsegwaokpcfpeurgwipvhno/SourcePackages/checkouts/jsonsafeencoding-swift
    /Applications/Xcode.app/Contents/Developer/Toolchains/XcodeDefault.xctoolchain/usr/bin/appintentsmetadataprocessor --toolchain-dir /Applications/Xcode.app/Contents/Developer/Toolchains/XcodeDefault.xctoolchain --module-name JSONSafeEncoding --sdk-root /Applications/Xcode.app/Contents/Developer/Platforms/iPhoneSimulator.platform/Developer/SDKs/iPhoneSimulator26.2.sdk --xcode-version 17C52 --platform-family iOS --deployment-target 13.0 --bundle-identifier jsonsafeencoding-swift.JSONSafeEncoding --output /Users/voxels/Library/Developer/Xcode/DerivedData/Know_Maps-egkaqhsegwaokpcfpeurgwipvhno/Build/Products/Debug-iphonesimulator/JSONSafeEncoding.appintents --target-triple arm64-apple-ios13.0-simulator --binary-file /Users/voxels/Library/Developer/Xcode/DerivedData/Know_Maps-egkaqhsegwaokpcfpeurgwipvhno/Build/Products/Debug-iphonesimulator/JSONSafeEncoding.o --dependency-file /Users/voxels/Library/Developer/Xcode/DerivedData/Know_Maps-egkaqhsegwaokpcfpeurgwipvhno/Build/Intermediates.noindex/JSONSafeEncoding.build/Debug-iphonesimulator/JSONSafeEncoding.build/Objects-normal/arm64/JSONSafeEncoding_dependency_info.dat --stringsdata-file /Users/voxels/Library/Developer/Xcode/DerivedData/Know_Maps-egkaqhsegwaokpcfpeurgwipvhno/Build/Intermediates.noindex/JSONSafeEncoding.build/Debug-iphonesimulator/JSONSafeEncoding.build/Objects-normal/arm64/ExtractedAppShortcutsMetadata.stringsdata --source-file-list /Users/voxels/Library/Developer/Xcode/DerivedData/Know_Maps-egkaqhsegwaokpcfpeurgwipvhno/Build/Intermediates.noindex/JSONSafeEncoding.build/Debug-iphonesimulator/JSONSafeEncoding.build/Objects-normal/arm64/JSONSafeEncoding.SwiftFileList --metadata-file-list /Users/voxels/Library/Developer/Xcode/DerivedData/Know_Maps-egkaqhsegwaokpcfpeurgwipvhno/Build/Intermediates.noindex/JSONSafeEncoding.build/Debug-iphonesimulator/JSONSafeEncoding.build/JSONSafeEncoding.DependencyMetadataFileList --static-metadata-file-list /Users/voxels/Library/Developer/Xcode/DerivedData/Know_Maps-egkaqhsegwaokpcfpeurgwipvhno/Build/Intermediates.noindex/JSONSafeEncoding.build/Debug-iphonesimulator/JSONSafeEncoding.build/JSONSafeEncoding.DependencyStaticMetadataFileList --swift-const-vals-list /Users/voxels/Library/Developer/Xcode/DerivedData/Know_Maps-egkaqhsegwaokpcfpeurgwipvhno/Build/Intermediates.noindex/JSONSafeEncoding.build/Debug-iphonesimulator/JSONSafeEncoding.build/Objects-normal/arm64/JSONSafeEncoding.SwiftConstValuesFileList --force --compile-time-extraction --deployment-aware-processing --validate-assistant-intents --no-app-shortcuts-localization
2025-12-27 08:04:18.043 appintentsmetadataprocessor[77000:10115756] Starting appintentsmetadataprocessor export
2025-12-27 08:04:18.206 appintentsmetadataprocessor[77000:10115756] Extracted no relevant App Intents symbols, skipping writing output

ExtractAppIntentsMetadata (in target 'HTTPTypes' from project 'swift-http-types')
    cd /Users/voxels/Library/Developer/Xcode/DerivedData/Know_Maps-egkaqhsegwaokpcfpeurgwipvhno/SourcePackages/checkouts/swift-http-types
    /Applications/Xcode.app/Contents/Developer/Toolchains/XcodeDefault.xctoolchain/usr/bin/appintentsmetadataprocessor --toolchain-dir /Applications/Xcode.app/Contents/Developer/Toolchains/XcodeDefault.xctoolchain --module-name HTTPTypes --sdk-root /Applications/Xcode.app/Contents/Developer/Platforms/iPhoneSimulator.platform/Developer/SDKs/iPhoneSimulator26.2.sdk --xcode-version 17C52 --platform-family iOS --deployment-target 12.0 --bundle-identifier swift-http-types.HTTPTypes --output /Users/voxels/Library/Developer/Xcode/DerivedData/Know_Maps-egkaqhsegwaokpcfpeurgwipvhno/Build/Products/Debug-iphonesimulator/HTTPTypes.appintents --target-triple arm64-apple-ios12.0-simulator --binary-file /Users/voxels/Library/Developer/Xcode/DerivedData/Know_Maps-egkaqhsegwaokpcfpeurgwipvhno/Build/Products/Debug-iphonesimulator/HTTPTypes.o --dependency-file /Users/voxels/Library/Developer/Xcode/DerivedData/Know_Maps-egkaqhsegwaokpcfpeurgwipvhno/Build/Intermediates.noindex/swift-http-types.build/Debug-iphonesimulator/HTTPTypes.build/Objects-normal/arm64/HTTPTypes_dependency_info.dat --stringsdata-file /Users/voxels/Library/Developer/Xcode/DerivedData/Know_Maps-egkaqhsegwaokpcfpeurgwipvhno/Build/Intermediates.noindex/swift-http-types.build/Debug-iphonesimulator/HTTPTypes.build/Objects-normal/arm64/ExtractedAppShortcutsMetadata.stringsdata --source-file-list /Users/voxels/Library/Developer/Xcode/DerivedData/Know_Maps-egkaqhsegwaokpcfpeurgwipvhno/Build/Intermediates.noindex/swift-http-types.build/Debug-iphonesimulator/HTTPTypes.build/Objects-normal/arm64/HTTPTypes.SwiftFileList --metadata-file-list /Users/voxels/Library/Developer/Xcode/DerivedData/Know_Maps-egkaqhsegwaokpcfpeurgwipvhno/Build/Intermediates.noindex/swift-http-types.build/Debug-iphonesimulator/HTTPTypes.build/HTTPTypes.DependencyMetadataFileList --static-metadata-file-list /Users/voxels/Library/Developer/Xcode/DerivedData/Know_Maps-egkaqhsegwaokpcfpeurgwipvhno/Build/Intermediates.noindex/swift-http-types.build/Debug-iphonesimulator/HTTPTypes.build/HTTPTypes.DependencyStaticMetadataFileList --swift-const-vals-list /Users/voxels/Library/Developer/Xcode/DerivedData/Know_Maps-egkaqhsegwaokpcfpeurgwipvhno/Build/Intermediates.noindex/swift-http-types.build/Debug-iphonesimulator/HTTPTypes.build/Objects-normal/arm64/HTTPTypes.SwiftConstValuesFileList --force --compile-time-extraction --deployment-aware-processing --validate-assistant-intents --no-app-shortcuts-localization
2025-12-27 08:04:18.043 appintentsmetadataprocessor[77001:10115757] Starting appintentsmetadataprocessor export
2025-12-27 08:04:18.203 appintentsmetadataprocessor[77001:10115757] Extracted no relevant App Intents symbols, skipping writing output

ExtractAppIntentsMetadata (in target 'Crypto' from project 'swift-crypto')
    cd /Users/voxels/Library/Developer/Xcode/DerivedData/Know_Maps-egkaqhsegwaokpcfpeurgwipvhno/SourcePackages/checkouts/swift-crypto
    /Applications/Xcode.app/Contents/Developer/Toolchains/XcodeDefault.xctoolchain/usr/bin/appintentsmetadataprocessor --toolchain-dir /Applications/Xcode.app/Contents/Developer/Toolchains/XcodeDefault.xctoolchain --module-name Crypto --sdk-root /Applications/Xcode.app/Contents/Developer/Platforms/iPhoneSimulator.platform/Developer/SDKs/iPhoneSimulator26.2.sdk --xcode-version 17C52 --platform-family iOS --deployment-target 12.0 --bundle-identifier swift-crypto.Crypto --output /Users/voxels/Library/Developer/Xcode/DerivedData/Know_Maps-egkaqhsegwaokpcfpeurgwipvhno/Build/Products/Debug-iphonesimulator/Crypto.appintents --target-triple arm64-apple-ios12.0-simulator --binary-file /Users/voxels/Library/Developer/Xcode/DerivedData/Know_Maps-egkaqhsegwaokpcfpeurgwipvhno/Build/Products/Debug-iphonesimulator/Crypto.o --dependency-file /Users/voxels/Library/Developer/Xcode/DerivedData/Know_Maps-egkaqhsegwaokpcfpeurgwipvhno/Build/Intermediates.noindex/swift-crypto.build/Debug-iphonesimulator/Crypto.build/Objects-normal/arm64/Crypto_dependency_info.dat --stringsdata-file /Users/voxels/Library/Developer/Xcode/DerivedData/Know_Maps-egkaqhsegwaokpcfpeurgwipvhno/Build/Intermediates.noindex/swift-crypto.build/Debug-iphonesimulator/Crypto.build/Objects-normal/arm64/ExtractedAppShortcutsMetadata.stringsdata --source-file-list /Users/voxels/Library/Developer/Xcode/DerivedData/Know_Maps-egkaqhsegwaokpcfpeurgwipvhno/Build/Intermediates.noindex/swift-crypto.build/Debug-iphonesimulator/Crypto.build/Objects-normal/arm64/Crypto.SwiftFileList --metadata-file-list /Users/voxels/Library/Developer/Xcode/DerivedData/Know_Maps-egkaqhsegwaokpcfpeurgwipvhno/Build/Intermediates.noindex/swift-crypto.build/Debug-iphonesimulator/Crypto.build/Crypto.DependencyMetadataFileList --static-metadata-file-list /Users/voxels/Library/Developer/Xcode/DerivedData/Know_Maps-egkaqhsegwaokpcfpeurgwipvhno/Build/Intermediates.noindex/swift-crypto.build/Debug-iphonesimulator/Crypto.build/Crypto.DependencyStaticMetadataFileList --swift-const-vals-list /Users/voxels/Library/Developer/Xcode/DerivedData/Know_Maps-egkaqhsegwaokpcfpeurgwipvhno/Build/Intermediates.noindex/swift-crypto.build/Debug-iphonesimulator/Crypto.build/Objects-normal/arm64/Crypto.SwiftConstValuesFileList --force --compile-time-extraction --deployment-aware-processing --validate-assistant-intents --no-app-shortcuts-localization
2025-12-27 08:04:18.044 appintentsmetadataprocessor[77002:10115758] Starting appintentsmetadataprocessor export
2025-12-27 08:04:18.190 appintentsmetadataprocessor[77002:10115758] Extracted no relevant App Intents symbols, skipping writing output

ExtractAppIntentsMetadata (in target 'Nuke' from project 'Nuke')
    cd /Users/voxels/Library/Developer/Xcode/DerivedData/Know_Maps-egkaqhsegwaokpcfpeurgwipvhno/SourcePackages/checkouts/Nuke
    /Applications/Xcode.app/Contents/Developer/Toolchains/XcodeDefault.xctoolchain/usr/bin/appintentsmetadataprocessor --toolchain-dir /Applications/Xcode.app/Contents/Developer/Toolchains/XcodeDefault.xctoolchain --module-name Nuke --sdk-root /Applications/Xcode.app/Contents/Developer/Platforms/iPhoneSimulator.platform/Developer/SDKs/iPhoneSimulator26.2.sdk --xcode-version 17C52 --platform-family iOS --deployment-target 13.0 --bundle-identifier nuke.Nuke --output /Users/voxels/Library/Developer/Xcode/DerivedData/Know_Maps-egkaqhsegwaokpcfpeurgwipvhno/Build/Products/Debug-iphonesimulator/Nuke.appintents --target-triple arm64-apple-ios13.0-simulator --binary-file /Users/voxels/Library/Developer/Xcode/DerivedData/Know_Maps-egkaqhsegwaokpcfpeurgwipvhno/Build/Products/Debug-iphonesimulator/Nuke.o --dependency-file /Users/voxels/Library/Developer/Xcode/DerivedData/Know_Maps-egkaqhsegwaokpcfpeurgwipvhno/Build/Intermediates.noindex/Nuke.build/Debug-iphonesimulator/Nuke.build/Objects-normal/arm64/Nuke_dependency_info.dat --stringsdata-file /Users/voxels/Library/Developer/Xcode/DerivedData/Know_Maps-egkaqhsegwaokpcfpeurgwipvhno/Build/Intermediates.noindex/Nuke.build/Debug-iphonesimulator/Nuke.build/Objects-normal/arm64/ExtractedAppShortcutsMetadata.stringsdata --source-file-list /Users/voxels/Library/Developer/Xcode/DerivedData/Know_Maps-egkaqhsegwaokpcfpeurgwipvhno/Build/Intermediates.noindex/Nuke.build/Debug-iphonesimulator/Nuke.build/Objects-normal/arm64/Nuke.SwiftFileList --metadata-file-list /Users/voxels/Library/Developer/Xcode/DerivedData/Know_Maps-egkaqhsegwaokpcfpeurgwipvhno/Build/Intermediates.noindex/Nuke.build/Debug-iphonesimulator/Nuke.build/Nuke.DependencyMetadataFileList --static-metadata-file-list /Users/voxels/Library/Developer/Xcode/DerivedData/Know_Maps-egkaqhsegwaokpcfpeurgwipvhno/Build/Intermediates.noindex/Nuke.build/Debug-iphonesimulator/Nuke.build/Nuke.DependencyStaticMetadataFileList --swift-const-vals-list /Users/voxels/Library/Developer/Xcode/DerivedData/Know_Maps-egkaqhsegwaokpcfpeurgwipvhno/Build/Intermediates.noindex/Nuke.build/Debug-iphonesimulator/Nuke.build/Objects-normal/arm64/Nuke.SwiftConstValuesFileList --force --compile-time-extraction --deployment-aware-processing --validate-assistant-intents --no-app-shortcuts-localization
2025-12-27 08:04:18.047 appintentsmetadataprocessor[77003:10115759] Starting appintentsmetadataprocessor export
2025-12-27 08:04:18.215 appintentsmetadataprocessor[77003:10115759] Extracted no relevant App Intents symbols, skipping writing output

RegisterExecutionPolicyException /Users/voxels/Library/Developer/Xcode/DerivedData/Know_Maps-egkaqhsegwaokpcfpeurgwipvhno/Build/Products/Debug-iphonesimulator/Sovran.o (in target 'Sovran' from project 'Sovran')
    cd /Users/voxels/Library/Developer/Xcode/DerivedData/Know_Maps-egkaqhsegwaokpcfpeurgwipvhno/SourcePackages/checkouts/sovran-swift
    builtin-RegisterExecutionPolicyException /Users/voxels/Library/Developer/Xcode/DerivedData/Know_Maps-egkaqhsegwaokpcfpeurgwipvhno/Build/Products/Debug-iphonesimulator/Sovran.o

RegisterExecutionPolicyException /Users/voxels/Library/Developer/Xcode/DerivedData/Know_Maps-egkaqhsegwaokpcfpeurgwipvhno/Build/Products/Debug-iphonesimulator/Crypto.o (in target 'Crypto' from project 'swift-crypto')
    cd /Users/voxels/Library/Developer/Xcode/DerivedData/Know_Maps-egkaqhsegwaokpcfpeurgwipvhno/SourcePackages/checkouts/swift-crypto
    builtin-RegisterExecutionPolicyException /Users/voxels/Library/Developer/Xcode/DerivedData/Know_Maps-egkaqhsegwaokpcfpeurgwipvhno/Build/Products/Debug-iphonesimulator/Crypto.o

RegisterExecutionPolicyException /Users/voxels/Library/Developer/Xcode/DerivedData/Know_Maps-egkaqhsegwaokpcfpeurgwipvhno/Build/Products/Debug-iphonesimulator/HTTPTypes.o (in target 'HTTPTypes' from project 'swift-http-types')
    cd /Users/voxels/Library/Developer/Xcode/DerivedData/Know_Maps-egkaqhsegwaokpcfpeurgwipvhno/SourcePackages/checkouts/swift-http-types
    builtin-RegisterExecutionPolicyException /Users/voxels/Library/Developer/Xcode/DerivedData/Know_Maps-egkaqhsegwaokpcfpeurgwipvhno/Build/Products/Debug-iphonesimulator/HTTPTypes.o

RegisterExecutionPolicyException /Users/voxels/Library/Developer/Xcode/DerivedData/Know_Maps-egkaqhsegwaokpcfpeurgwipvhno/Build/Products/Debug-iphonesimulator/JSONSafeEncoding.o (in target 'JSONSafeEncoding' from project 'JSONSafeEncoding')
    cd /Users/voxels/Library/Developer/Xcode/DerivedData/Know_Maps-egkaqhsegwaokpcfpeurgwipvhno/SourcePackages/checkouts/jsonsafeencoding-swift
    builtin-RegisterExecutionPolicyException /Users/voxels/Library/Developer/Xcode/DerivedData/Know_Maps-egkaqhsegwaokpcfpeurgwipvhno/Build/Products/Debug-iphonesimulator/JSONSafeEncoding.o

RegisterExecutionPolicyException /Users/voxels/Library/Developer/Xcode/DerivedData/Know_Maps-egkaqhsegwaokpcfpeurgwipvhno/Build/Products/Debug-iphonesimulator/Nuke.o (in target 'Nuke' from project 'Nuke')
    cd /Users/voxels/Library/Developer/Xcode/DerivedData/Know_Maps-egkaqhsegwaokpcfpeurgwipvhno/SourcePackages/checkouts/Nuke
    builtin-RegisterExecutionPolicyException /Users/voxels/Library/Developer/Xcode/DerivedData/Know_Maps-egkaqhsegwaokpcfpeurgwipvhno/Build/Products/Debug-iphonesimulator/Nuke.o

RegisterExecutionPolicyException /Users/voxels/Library/Developer/Xcode/DerivedData/Know_Maps-egkaqhsegwaokpcfpeurgwipvhno/Build/Products/Debug-iphonesimulator/IssueReportingPackageSupport.o (in target 'IssueReportingPackageSupport' from project 'xctest-dynamic-overlay')
    cd /Users/voxels/Library/Developer/Xcode/DerivedData/Know_Maps-egkaqhsegwaokpcfpeurgwipvhno/SourcePackages/checkouts/xctest-dynamic-overlay
    builtin-RegisterExecutionPolicyException /Users/voxels/Library/Developer/Xcode/DerivedData/Know_Maps-egkaqhsegwaokpcfpeurgwipvhno/Build/Products/Debug-iphonesimulator/IssueReportingPackageSupport.o

Ld /Users/voxels/Library/Developer/Xcode/DerivedData/Know_Maps-egkaqhsegwaokpcfpeurgwipvhno/Build/Products/Debug-iphonesimulator/Segment.o normal (in target 'Segment' from project 'Segment')
    cd /Users/voxels/Library/Developer/Xcode/DerivedData/Know_Maps-egkaqhsegwaokpcfpeurgwipvhno/SourcePackages/checkouts/analytics-swift
    /Applications/Xcode.app/Contents/Developer/Toolchains/XcodeDefault.xctoolchain/usr/bin/clang -Xlinker -reproducible -target arm64-apple-ios13.0-simulator -r -isysroot /Applications/Xcode.app/Contents/Developer/Platforms/iPhoneSimulator.platform/Developer/SDKs/iPhoneSimulator26.2.sdk -O0 -w -L/Users/voxels/Library/Developer/Xcode/DerivedData/Know_Maps-egkaqhsegwaokpcfpeurgwipvhno/Build/Intermediates.noindex/EagerLinkingTBDs/Debug-iphonesimulator -L/Users/voxels/Library/Developer/Xcode/DerivedData/Know_Maps-egkaqhsegwaokpcfpeurgwipvhno/Build/Products/Debug-iphonesimulator -L/Applications/Xcode.app/Contents/Developer/Platforms/iPhoneSimulator.platform/Developer/usr/lib -F/Users/voxels/Library/Developer/Xcode/DerivedData/Know_Maps-egkaqhsegwaokpcfpeurgwipvhno/Build/Intermediates.noindex/EagerLinkingTBDs/Debug-iphonesimulator -F/Users/voxels/Library/Developer/Xcode/DerivedData/Know_Maps-egkaqhsegwaokpcfpeurgwipvhno/Build/Products/Debug-iphonesimulator/PackageFrameworks -F/Users/voxels/Library/Developer/Xcode/DerivedData/Know_Maps-egkaqhsegwaokpcfpeurgwipvhno/Build/Products/Debug-iphonesimulator/PackageFrameworks -F/Users/voxels/Library/Developer/Xcode/DerivedData/Know_Maps-egkaqhsegwaokpcfpeurgwipvhno/Build/Products/Debug-iphonesimulator -iframework /Applications/Xcode.app/Contents/Developer/Platforms/iPhoneSimulator.platform/Developer/Library/Frameworks -iframework /Applications/Xcode.app/Contents/Developer/Platforms/iPhoneSimulator.platform/Developer/SDKs/iPhoneSimulator26.2.sdk/Developer/Library/Frameworks -filelist /Users/voxels/Library/Developer/Xcode/DerivedData/Know_Maps-egkaqhsegwaokpcfpeurgwipvhno/Build/Intermediates.noindex/Segment.build/Debug-iphonesimulator/Segment.build/Objects-normal/arm64/Segment.LinkFileList -nostdlib -Xlinker -object_path_lto -Xlinker /Users/voxels/Library/Developer/Xcode/DerivedData/Know_Maps-egkaqhsegwaokpcfpeurgwipvhno/Build/Intermediates.noindex/Segment.build/Debug-iphonesimulator/Segment.build/Objects-normal/arm64/Segment_lto.o -rdynamic -Xlinker -no_deduplicate -Xlinker -objc_abi_version -Xlinker 2 -Xlinker -dependency_info -Xlinker /Users/voxels/Library/Developer/Xcode/DerivedData/Know_Maps-egkaqhsegwaokpcfpeurgwipvhno/Build/Intermediates.noindex/Segment.build/Debug-iphonesimulator/Segment.build/Objects-normal/arm64/Segment_dependency_info.dat -fobjc-link-runtime -L/Applications/Xcode.app/Contents/Developer/Toolchains/XcodeDefault.xctoolchain/usr/lib/swift/iphonesimulator -L/usr/lib/swift -Xlinker -add_ast_path -Xlinker /Users/voxels/Library/Developer/Xcode/DerivedData/Know_Maps-egkaqhsegwaokpcfpeurgwipvhno/Build/Intermediates.noindex/Segment.build/Debug-iphonesimulator/Segment.build/Objects-normal/arm64/Segment.swiftmodule @/Users/voxels/Library/Developer/Xcode/DerivedData/Know_Maps-egkaqhsegwaokpcfpeurgwipvhno/Build/Intermediates.noindex/Segment.build/Debug-iphonesimulator/Segment.build/Objects-normal/arm64/Segment-linker-args.resp -o /Users/voxels/Library/Developer/Xcode/DerivedData/Know_Maps-egkaqhsegwaokpcfpeurgwipvhno/Build/Products/Debug-iphonesimulator/Segment.o

RegisterExecutionPolicyException /Users/voxels/Library/Developer/Xcode/DerivedData/Know_Maps-egkaqhsegwaokpcfpeurgwipvhno/Build/Products/Debug-iphonesimulator/ConcurrencyExtras.o (in target 'ConcurrencyExtras' from project 'swift-concurrency-extras')
    cd /Users/voxels/Library/Developer/Xcode/DerivedData/Know_Maps-egkaqhsegwaokpcfpeurgwipvhno/SourcePackages/checkouts/swift-concurrency-extras
    builtin-RegisterExecutionPolicyException /Users/voxels/Library/Developer/Xcode/DerivedData/Know_Maps-egkaqhsegwaokpcfpeurgwipvhno/Build/Products/Debug-iphonesimulator/ConcurrencyExtras.o

Ld /Users/voxels/Library/Developer/Xcode/DerivedData/Know_Maps-egkaqhsegwaokpcfpeurgwipvhno/Build/Products/Debug-iphonesimulator/NukeUI.o normal (in target 'NukeUI' from project 'Nuke')
    cd /Users/voxels/Library/Developer/Xcode/DerivedData/Know_Maps-egkaqhsegwaokpcfpeurgwipvhno/SourcePackages/checkouts/Nuke
    /Applications/Xcode.app/Contents/Developer/Toolchains/XcodeDefault.xctoolchain/usr/bin/clang -Xlinker -reproducible -target arm64-apple-ios13.0-simulator -r -isysroot /Applications/Xcode.app/Contents/Developer/Platforms/iPhoneSimulator.platform/Developer/SDKs/iPhoneSimulator26.2.sdk -O0 -w -L/Users/voxels/Library/Developer/Xcode/DerivedData/Know_Maps-egkaqhsegwaokpcfpeurgwipvhno/Build/Intermediates.noindex/EagerLinkingTBDs/Debug-iphonesimulator -L/Users/voxels/Library/Developer/Xcode/DerivedData/Know_Maps-egkaqhsegwaokpcfpeurgwipvhno/Build/Products/Debug-iphonesimulator -L/Applications/Xcode.app/Contents/Developer/Platforms/iPhoneSimulator.platform/Developer/usr/lib -F/Users/voxels/Library/Developer/Xcode/DerivedData/Know_Maps-egkaqhsegwaokpcfpeurgwipvhno/Build/Intermediates.noindex/EagerLinkingTBDs/Debug-iphonesimulator -F/Users/voxels/Library/Developer/Xcode/DerivedData/Know_Maps-egkaqhsegwaokpcfpeurgwipvhno/Build/Products/Debug-iphonesimulator/PackageFrameworks -F/Users/voxels/Library/Developer/Xcode/DerivedData/Know_Maps-egkaqhsegwaokpcfpeurgwipvhno/Build/Products/Debug-iphonesimulator -iframework /Applications/Xcode.app/Contents/Developer/Platforms/iPhoneSimulator.platform/Developer/Library/Frameworks -iframework /Applications/Xcode.app/Contents/Developer/Platforms/iPhoneSimulator.platform/Developer/SDKs/iPhoneSimulator26.2.sdk/Developer/Library/Frameworks -filelist /Users/voxels/Library/Developer/Xcode/DerivedData/Know_Maps-egkaqhsegwaokpcfpeurgwipvhno/Build/Intermediates.noindex/Nuke.build/Debug-iphonesimulator/NukeUI.build/Objects-normal/arm64/NukeUI.LinkFileList -nostdlib -Xlinker -object_path_lto -Xlinker /Users/voxels/Library/Developer/Xcode/DerivedData/Know_Maps-egkaqhsegwaokpcfpeurgwipvhno/Build/Intermediates.noindex/Nuke.build/Debug-iphonesimulator/NukeUI.build/Objects-normal/arm64/NukeUI_lto.o -rdynamic -Xlinker -no_deduplicate -Xlinker -objc_abi_version -Xlinker 2 -Xlinker -dependency_info -Xlinker /Users/voxels/Library/Developer/Xcode/DerivedData/Know_Maps-egkaqhsegwaokpcfpeurgwipvhno/Build/Intermediates.noindex/Nuke.build/Debug-iphonesimulator/NukeUI.build/Objects-normal/arm64/NukeUI_dependency_info.dat -fobjc-link-runtime -L/Applications/Xcode.app/Contents/Developer/Toolchains/XcodeDefault.xctoolchain/usr/lib/swift/iphonesimulator -L/usr/lib/swift -Xlinker -add_ast_path -Xlinker /Users/voxels/Library/Developer/Xcode/DerivedData/Know_Maps-egkaqhsegwaokpcfpeurgwipvhno/Build/Intermediates.noindex/Nuke.build/Debug-iphonesimulator/NukeUI.build/Objects-normal/arm64/NukeUI.swiftmodule @/Users/voxels/Library/Developer/Xcode/DerivedData/Know_Maps-egkaqhsegwaokpcfpeurgwipvhno/Build/Intermediates.noindex/Nuke.build/Debug-iphonesimulator/NukeUI.build/Objects-normal/arm64/NukeUI-linker-args.resp -o /Users/voxels/Library/Developer/Xcode/DerivedData/Know_Maps-egkaqhsegwaokpcfpeurgwipvhno/Build/Products/Debug-iphonesimulator/NukeUI.o

Ld /Users/voxels/Library/Developer/Xcode/DerivedData/Know_Maps-egkaqhsegwaokpcfpeurgwipvhno/Build/Products/Debug-iphonesimulator/IssueReporting.o normal (in target 'IssueReporting' from project 'xctest-dynamic-overlay')
    cd /Users/voxels/Library/Developer/Xcode/DerivedData/Know_Maps-egkaqhsegwaokpcfpeurgwipvhno/SourcePackages/checkouts/xctest-dynamic-overlay
    /Applications/Xcode.app/Contents/Developer/Toolchains/XcodeDefault.xctoolchain/usr/bin/clang -Xlinker -reproducible -target arm64-apple-ios13.0-simulator -r -isysroot /Applications/Xcode.app/Contents/Developer/Platforms/iPhoneSimulator.platform/Developer/SDKs/iPhoneSimulator26.2.sdk -O0 -w -L/Users/voxels/Library/Developer/Xcode/DerivedData/Know_Maps-egkaqhsegwaokpcfpeurgwipvhno/Build/Intermediates.noindex/EagerLinkingTBDs/Debug-iphonesimulator -L/Users/voxels/Library/Developer/Xcode/DerivedData/Know_Maps-egkaqhsegwaokpcfpeurgwipvhno/Build/Products/Debug-iphonesimulator -L/Applications/Xcode.app/Contents/Developer/Platforms/iPhoneSimulator.platform/Developer/usr/lib -F/Users/voxels/Library/Developer/Xcode/DerivedData/Know_Maps-egkaqhsegwaokpcfpeurgwipvhno/Build/Intermediates.noindex/EagerLinkingTBDs/Debug-iphonesimulator -F/Users/voxels/Library/Developer/Xcode/DerivedData/Know_Maps-egkaqhsegwaokpcfpeurgwipvhno/Build/Products/Debug-iphonesimulator/PackageFrameworks -F/Users/voxels/Library/Developer/Xcode/DerivedData/Know_Maps-egkaqhsegwaokpcfpeurgwipvhno/Build/Products/Debug-iphonesimulator -iframework /Applications/Xcode.app/Contents/Developer/Platforms/iPhoneSimulator.platform/Developer/Library/Frameworks -iframework /Applications/Xcode.app/Contents/Developer/Platforms/iPhoneSimulator.platform/Developer/SDKs/iPhoneSimulator26.2.sdk/Developer/Library/Frameworks -filelist /Users/voxels/Library/Developer/Xcode/DerivedData/Know_Maps-egkaqhsegwaokpcfpeurgwipvhno/Build/Intermediates.noindex/xctest-dynamic-overlay.build/Debug-iphonesimulator/IssueReporting.build/Objects-normal/arm64/IssueReporting.LinkFileList -nostdlib -Xlinker -object_path_lto -Xlinker /Users/voxels/Library/Developer/Xcode/DerivedData/Know_Maps-egkaqhsegwaokpcfpeurgwipvhno/Build/Intermediates.noindex/xctest-dynamic-overlay.build/Debug-iphonesimulator/IssueReporting.build/Objects-normal/arm64/IssueReporting_lto.o -rdynamic -Xlinker -no_deduplicate -Xlinker -objc_abi_version -Xlinker 2 -Xlinker -dependency_info -Xlinker /Users/voxels/Library/Developer/Xcode/DerivedData/Know_Maps-egkaqhsegwaokpcfpeurgwipvhno/Build/Intermediates.noindex/xctest-dynamic-overlay.build/Debug-iphonesimulator/IssueReporting.build/Objects-normal/arm64/IssueReporting_dependency_info.dat -fobjc-link-runtime -L/Applications/Xcode.app/Contents/Developer/Toolchains/XcodeDefault.xctoolchain/usr/lib/swift/iphonesimulator -L/usr/lib/swift -Xlinker -add_ast_path -Xlinker /Users/voxels/Library/Developer/Xcode/DerivedData/Know_Maps-egkaqhsegwaokpcfpeurgwipvhno/Build/Intermediates.noindex/xctest-dynamic-overlay.build/Debug-iphonesimulator/IssueReporting.build/Objects-normal/arm64/IssueReporting.swiftmodule @/Users/voxels/Library/Developer/Xcode/DerivedData/Know_Maps-egkaqhsegwaokpcfpeurgwipvhno/Build/Intermediates.noindex/xctest-dynamic-overlay.build/Debug-iphonesimulator/IssueReporting.build/Objects-normal/arm64/IssueReporting-linker-args.resp -o /Users/voxels/Library/Developer/Xcode/DerivedData/Know_Maps-egkaqhsegwaokpcfpeurgwipvhno/Build/Products/Debug-iphonesimulator/IssueReporting.o

ExtractAppIntentsMetadata (in target 'NukeUI' from project 'Nuke')
    cd /Users/voxels/Library/Developer/Xcode/DerivedData/Know_Maps-egkaqhsegwaokpcfpeurgwipvhno/SourcePackages/checkouts/Nuke
    /Applications/Xcode.app/Contents/Developer/Toolchains/XcodeDefault.xctoolchain/usr/bin/appintentsmetadataprocessor --toolchain-dir /Applications/Xcode.app/Contents/Developer/Toolchains/XcodeDefault.xctoolchain --module-name NukeUI --sdk-root /Applications/Xcode.app/Contents/Developer/Platforms/iPhoneSimulator.platform/Developer/SDKs/iPhoneSimulator26.2.sdk --xcode-version 17C52 --platform-family iOS --deployment-target 13.0 --bundle-identifier nuke.NukeUI --output /Users/voxels/Library/Developer/Xcode/DerivedData/Know_Maps-egkaqhsegwaokpcfpeurgwipvhno/Build/Products/Debug-iphonesimulator/NukeUI.appintents --target-triple arm64-apple-ios13.0-simulator --binary-file /Users/voxels/Library/Developer/Xcode/DerivedData/Know_Maps-egkaqhsegwaokpcfpeurgwipvhno/Build/Products/Debug-iphonesimulator/NukeUI.o --dependency-file /Users/voxels/Library/Developer/Xcode/DerivedData/Know_Maps-egkaqhsegwaokpcfpeurgwipvhno/Build/Intermediates.noindex/Nuke.build/Debug-iphonesimulator/NukeUI.build/Objects-normal/arm64/NukeUI_dependency_info.dat --stringsdata-file /Users/voxels/Library/Developer/Xcode/DerivedData/Know_Maps-egkaqhsegwaokpcfpeurgwipvhno/Build/Intermediates.noindex/Nuke.build/Debug-iphonesimulator/NukeUI.build/Objects-normal/arm64/ExtractedAppShortcutsMetadata.stringsdata --source-file-list /Users/voxels/Library/Developer/Xcode/DerivedData/Know_Maps-egkaqhsegwaokpcfpeurgwipvhno/Build/Intermediates.noindex/Nuke.build/Debug-iphonesimulator/NukeUI.build/Objects-normal/arm64/NukeUI.SwiftFileList --metadata-file-list /Users/voxels/Library/Developer/Xcode/DerivedData/Know_Maps-egkaqhsegwaokpcfpeurgwipvhno/Build/Intermediates.noindex/Nuke.build/Debug-iphonesimulator/NukeUI.build/NukeUI.DependencyMetadataFileList --static-metadata-file-list /Users/voxels/Library/Developer/Xcode/DerivedData/Know_Maps-egkaqhsegwaokpcfpeurgwipvhno/Build/Intermediates.noindex/Nuke.build/Debug-iphonesimulator/NukeUI.build/NukeUI.DependencyStaticMetadataFileList --swift-const-vals-list /Users/voxels/Library/Developer/Xcode/DerivedData/Know_Maps-egkaqhsegwaokpcfpeurgwipvhno/Build/Intermediates.noindex/Nuke.build/Debug-iphonesimulator/NukeUI.build/Objects-normal/arm64/NukeUI.SwiftConstValuesFileList --force --compile-time-extraction --deployment-aware-processing --validate-assistant-intents --no-app-shortcuts-localization
2025-12-27 08:04:18.275 appintentsmetadataprocessor[77010:10115828] Starting appintentsmetadataprocessor export
2025-12-27 08:04:18.371 appintentsmetadataprocessor[77010:10115828] Extracted no relevant App Intents symbols, skipping writing output

ExtractAppIntentsMetadata (in target 'Segment' from project 'Segment')
    cd /Users/voxels/Library/Developer/Xcode/DerivedData/Know_Maps-egkaqhsegwaokpcfpeurgwipvhno/SourcePackages/checkouts/analytics-swift
    /Applications/Xcode.app/Contents/Developer/Toolchains/XcodeDefault.xctoolchain/usr/bin/appintentsmetadataprocessor --toolchain-dir /Applications/Xcode.app/Contents/Developer/Toolchains/XcodeDefault.xctoolchain --module-name Segment --sdk-root /Applications/Xcode.app/Contents/Developer/Platforms/iPhoneSimulator.platform/Developer/SDKs/iPhoneSimulator26.2.sdk --xcode-version 17C52 --platform-family iOS --deployment-target 13.0 --bundle-identifier analytics-swift.Segment --output /Users/voxels/Library/Developer/Xcode/DerivedData/Know_Maps-egkaqhsegwaokpcfpeurgwipvhno/Build/Products/Debug-iphonesimulator/Segment.appintents --target-triple arm64-apple-ios13.0-simulator --binary-file /Users/voxels/Library/Developer/Xcode/DerivedData/Know_Maps-egkaqhsegwaokpcfpeurgwipvhno/Build/Products/Debug-iphonesimulator/Segment.o --dependency-file /Users/voxels/Library/Developer/Xcode/DerivedData/Know_Maps-egkaqhsegwaokpcfpeurgwipvhno/Build/Intermediates.noindex/Segment.build/Debug-iphonesimulator/Segment.build/Objects-normal/arm64/Segment_dependency_info.dat --stringsdata-file /Users/voxels/Library/Developer/Xcode/DerivedData/Know_Maps-egkaqhsegwaokpcfpeurgwipvhno/Build/Intermediates.noindex/Segment.build/Debug-iphonesimulator/Segment.build/Objects-normal/arm64/ExtractedAppShortcutsMetadata.stringsdata --source-file-list /Users/voxels/Library/Developer/Xcode/DerivedData/Know_Maps-egkaqhsegwaokpcfpeurgwipvhno/Build/Intermediates.noindex/Segment.build/Debug-iphonesimulator/Segment.build/Objects-normal/arm64/Segment.SwiftFileList --metadata-file-list /Users/voxels/Library/Developer/Xcode/DerivedData/Know_Maps-egkaqhsegwaokpcfpeurgwipvhno/Build/Intermediates.noindex/Segment.build/Debug-iphonesimulator/Segment.build/Segment.DependencyMetadataFileList --static-metadata-file-list /Users/voxels/Library/Developer/Xcode/DerivedData/Know_Maps-egkaqhsegwaokpcfpeurgwipvhno/Build/Intermediates.noindex/Segment.build/Debug-iphonesimulator/Segment.build/Segment.DependencyStaticMetadataFileList --swift-const-vals-list /Users/voxels/Library/Developer/Xcode/DerivedData/Know_Maps-egkaqhsegwaokpcfpeurgwipvhno/Build/Intermediates.noindex/Segment.build/Debug-iphonesimulator/Segment.build/Objects-normal/arm64/Segment.SwiftConstValuesFileList --force --compile-time-extraction --deployment-aware-processing --validate-assistant-intents --no-app-shortcuts-localization
2025-12-27 08:04:18.276 appintentsmetadataprocessor[77011:10115829] Starting appintentsmetadataprocessor export
2025-12-27 08:04:18.386 appintentsmetadataprocessor[77011:10115829] Extracted no relevant App Intents symbols, skipping writing output

ExtractAppIntentsMetadata (in target 'IssueReporting' from project 'xctest-dynamic-overlay')
    cd /Users/voxels/Library/Developer/Xcode/DerivedData/Know_Maps-egkaqhsegwaokpcfpeurgwipvhno/SourcePackages/checkouts/xctest-dynamic-overlay
    /Applications/Xcode.app/Contents/Developer/Toolchains/XcodeDefault.xctoolchain/usr/bin/appintentsmetadataprocessor --toolchain-dir /Applications/Xcode.app/Contents/Developer/Toolchains/XcodeDefault.xctoolchain --module-name IssueReporting --sdk-root /Applications/Xcode.app/Contents/Developer/Platforms/iPhoneSimulator.platform/Developer/SDKs/iPhoneSimulator26.2.sdk --xcode-version 17C52 --platform-family iOS --deployment-target 13.0 --bundle-identifier xctest-dynamic-overlay.IssueReporting --output /Users/voxels/Library/Developer/Xcode/DerivedData/Know_Maps-egkaqhsegwaokpcfpeurgwipvhno/Build/Products/Debug-iphonesimulator/IssueReporting.appintents --target-triple arm64-apple-ios13.0-simulator --binary-file /Users/voxels/Library/Developer/Xcode/DerivedData/Know_Maps-egkaqhsegwaokpcfpeurgwipvhno/Build/Products/Debug-iphonesimulator/IssueReporting.o --dependency-file /Users/voxels/Library/Developer/Xcode/DerivedData/Know_Maps-egkaqhsegwaokpcfpeurgwipvhno/Build/Intermediates.noindex/xctest-dynamic-overlay.build/Debug-iphonesimulator/IssueReporting.build/Objects-normal/arm64/IssueReporting_dependency_info.dat --stringsdata-file /Users/voxels/Library/Developer/Xcode/DerivedData/Know_Maps-egkaqhsegwaokpcfpeurgwipvhno/Build/Intermediates.noindex/xctest-dynamic-overlay.build/Debug-iphonesimulator/IssueReporting.build/Objects-normal/arm64/ExtractedAppShortcutsMetadata.stringsdata --source-file-list /Users/voxels/Library/Developer/Xcode/DerivedData/Know_Maps-egkaqhsegwaokpcfpeurgwipvhno/Build/Intermediates.noindex/xctest-dynamic-overlay.build/Debug-iphonesimulator/IssueReporting.build/Objects-normal/arm64/IssueReporting.SwiftFileList --metadata-file-list /Users/voxels/Library/Developer/Xcode/DerivedData/Know_Maps-egkaqhsegwaokpcfpeurgwipvhno/Build/Intermediates.noindex/xctest-dynamic-overlay.build/Debug-iphonesimulator/IssueReporting.build/IssueReporting.DependencyMetadataFileList --static-metadata-file-list /Users/voxels/Library/Developer/Xcode/DerivedData/Know_Maps-egkaqhsegwaokpcfpeurgwipvhno/Build/Intermediates.noindex/xctest-dynamic-overlay.build/Debug-iphonesimulator/IssueReporting.build/IssueReporting.DependencyStaticMetadataFileList --swift-const-vals-list /Users/voxels/Library/Developer/Xcode/DerivedData/Know_Maps-egkaqhsegwaokpcfpeurgwipvhno/Build/Intermediates.noindex/xctest-dynamic-overlay.build/Debug-iphonesimulator/IssueReporting.build/Objects-normal/arm64/IssueReporting.SwiftConstValuesFileList --force --compile-time-extraction --deployment-aware-processing --validate-assistant-intents --no-app-shortcuts-localization
2025-12-27 08:04:18.284 appintentsmetadataprocessor[77012:10115841] Starting appintentsmetadataprocessor export
2025-12-27 08:04:18.379 appintentsmetadataprocessor[77012:10115841] Extracted no relevant App Intents symbols, skipping writing output

SwiftCompile normal arm64 Compiling\ Know_MapsApp.swift /Users/voxels/Documents/dev/Know-Maps/Know-Maps/Know-Maps/Know\ Maps\ Prod/Know_MapsApp.swift (in target 'knowmaps' from project 'Know Maps')
SwiftCompile normal arm64 /Users/voxels/Documents/dev/Know-Maps/Know-Maps/Know-Maps/Know\ Maps\ Prod/Know_MapsApp.swift (in target 'knowmaps' from project 'Know Maps')
    cd /Users/voxels/Documents/dev/Know-Maps/Know-Maps/Know-Maps
    
/Users/voxels/Documents/dev/Know-Maps/Know-Maps/Know-Maps/Know Maps Prod/Know_MapsApp.swift:7:38: error: cannot find type 'CloudCacheManager' in scope
    @State private var cacheManager: CloudCacheManager
                                     ^~~~~~~~~~~~~~~~~
/Users/voxels/Documents/dev/Know-Maps/Know-Maps/Know-Maps/Know Maps Prod/Know_MapsApp.swift:8:41: error: cannot find type 'DefaultModelController' in scope
    @State private var modelController: DefaultModelController
                                        ^~~~~~~~~~~~~~~~~~~~~~
/Users/voxels/Documents/dev/Know-Maps/Know-Maps/Know-Maps/Know Maps Prod/Know_MapsApp.swift:9:44: error: cannot find 'AppleAuthenticationService' in scope
    @StateObject private var authService = AppleAuthenticationService.shared
                                           ^~~~~~~~~~~~~~~~~~~~~~~~~~
/Users/voxels/Documents/dev/Know-Maps/Know-Maps/Know-Maps/Know Maps Prod/Know_MapsApp.swift:12:25: error: cannot find 'SegmentAnalyticsService' in scope
        let analytics = SegmentAnalyticsService.shared
                        ^~~~~~~~~~~~~~~~~~~~~~~
/Users/voxels/Documents/dev/Know-Maps/Know-Maps/Know-Maps/Know Maps Prod/Know_MapsApp.swift:14:26: error: cannot find 'CloudCacheService' in scope
        let cloudCache = CloudCacheService(analyticsManager: analytics, modelContext: ModelContext(KnowMapsRootView.sharedModelContainer))
                         ^~~~~~~~~~~~~~~~~
/Users/voxels/Documents/dev/Know-Maps/Know-Maps/Know-Maps/Know Maps Prod/Know_MapsApp.swift:15:21: error: cannot find 'CloudCacheManager' in scope
        let cache = CloudCacheManager(cloudCacheService: cloudCache, analyticsManager: analytics)
                    ^~~~~~~~~~~~~~~~~
/Users/voxels/Documents/dev/Know-Maps/Know-Maps/Know-Maps/Know Maps Prod/Know_MapsApp.swift:18:53: error: cannot find 'DefaultModelController' in scope
        self._modelController = State(wrappedValue: DefaultModelController(cacheManager: cache))
                                                    ^~~~~~~~~~~~~~~~~~~~~~
/Users/voxels/Documents/dev/Know-Maps/Know-Maps/Know-Maps/Know Maps Prod/View/KnowMapsRootView.swift:5:41: error: cannot find type 'AppleAuthenticationService' in scope
    @EnvironmentObject var authService: AppleAuthenticationService
                                        ^~~~~~~~~~~~~~~~~~~~~~~~~~
/Users/voxels/Documents/dev/Know-Maps/Know-Maps/Know-Maps/Know Maps Prod/View/KnowMapsRootView.swift:6:26: error: cannot find type 'DefaultModelController' in scope
    var modelController: DefaultModelController
                         ^~~~~~~~~~~~~~~~~~~~~~
/Users/voxels/Documents/dev/Know-Maps/Know-Maps/Know-Maps/Know Maps Prod/View/KnowMapsRootView.swift:7:23: error: cannot find type 'CloudCacheManager' in scope
    var cacheManager: CloudCacheManager
                      ^~~~~~~~~~~~~~~~~

Failed frontend command:
/Applications/Xcode.app/Contents/Developer/Toolchains/XcodeDefault.xctoolchain/usr/bin/swift-frontend -frontend -c -primary-file /Users/voxels/Documents/dev/Know-Maps/Know-Maps/Know-Maps/Know\ Maps\ Prod/Know_MapsApp.swift /Users/voxels/Documents/dev/Know-Maps/Know-Maps/Know-Maps/Know\ Maps\ Prod/Model/Models/SearchMode.swift /Users/voxels/Documents/dev/Know-Maps/Know-Maps/Know-Maps/Know\ Maps\ Prod/View/MainContentView.swift /Users/voxels/Documents/dev/Know-Maps/Know-Maps/Know-Maps/Know\ Maps\ Prod/View/KnowMapsRootView.swift -emit-dependencies-path /Users/voxels/Library/Developer/Xcode/DerivedData/Know_Maps-egkaqhsegwaokpcfpeurgwipvhno/Build/Intermediates.noindex/Know\ Maps.build/Debug-iphonesimulator/knowmaps.build/Objects-normal/arm64/Know_MapsApp.d -emit-const-values-path /Users/voxels/Library/Developer/Xcode/DerivedData/Know_Maps-egkaqhsegwaokpcfpeurgwipvhno/Build/Intermediates.noindex/Know\ Maps.build/Debug-iphonesimulator/knowmaps.build/Objects-normal/arm64/Know_MapsApp.swiftconstvalues -emit-reference-dependencies-path /Users/voxels/Library/Developer/Xcode/DerivedData/Know_Maps-egkaqhsegwaokpcfpeurgwipvhno/Build/Intermediates.noindex/Know\ Maps.build/Debug-iphonesimulator/knowmaps.build/Objects-normal/arm64/Know_MapsApp.swiftdeps -serialize-diagnostics-path /Users/voxels/Library/Developer/Xcode/DerivedData/Know_Maps-egkaqhsegwaokpcfpeurgwipvhno/Build/Intermediates.noindex/Know\ Maps.build/Debug-iphonesimulator/knowmaps.build/Objects-normal/arm64/Know_MapsApp.dia -emit-localized-strings -emit-localized-strings-path /Users/voxels/Library/Developer/Xcode/DerivedData/Know_Maps-egkaqhsegwaokpcfpeurgwipvhno/Build/Intermediates.noindex/Know\ Maps.build/Debug-iphonesimulator/knowmaps.build/Objects-normal/arm64 -target arm64-apple-ios26.0-simulator -disable-cross-import-overlay-search -swift-module-cross-import SwiftData /Applications/Xcode.app/Contents/Developer/Platforms/iPhoneSimulator.platform/Developer/SDKs/iPhoneSimulator26.2.sdk/System/Library/Frameworks/SwiftData.framework/Modules/SwiftData.swiftcrossimport/CoreData.swiftoverlay -swift-module-cross-import SwiftData /Applications/Xcode.app/Contents/Developer/Platforms/iPhoneSimulator.platform/Developer/SDKs/iPhoneSimulator26.2.sdk/System/Library/Frameworks/SwiftData.framework/Modules/SwiftData.swiftcrossimport/SwiftUI.swiftoverlay -load-resolved-plugin /Applications/Xcode.app/Contents/Developer/Platforms/iPhoneOS.platform/Developer/usr/lib/swift/host/plugins/libFoundationMacros.dylib\#/Applications/Xcode.app/Contents/Developer/Platforms/iPhoneOS.platform/Developer/usr/bin/swift-plugin-server\#FoundationMacros -load-resolved-plugin /Applications/Xcode.app/Contents/Developer/Platforms/iPhoneOS.platform/Developer/usr/lib/swift/host/plugins/libObservationMacros.dylib\#/Applications/Xcode.app/Contents/Developer/Platforms/iPhoneOS.platform/Developer/usr/bin/swift-plugin-server\#ObservationMacros -load-resolved-plugin /Applications/Xcode.app/Contents/Developer/Platforms/iPhoneOS.platform/Developer/usr/lib/swift/host/plugins/libPreviewsMacros.dylib\#/Applications/Xcode.app/Contents/Developer/Platforms/iPhoneOS.platform/Developer/usr/bin/swift-plugin-server\#PreviewsMacros -load-resolved-plugin /Applications/Xcode.app/Contents/Developer/Platforms/iPhoneOS.platform/Developer/usr/lib/swift/host/plugins/libSwiftDataMacros.dylib\#/Applications/Xcode.app/Contents/Developer/Platforms/iPhoneOS.platform/Developer/usr/bin/swift-plugin-server\#SwiftDataMacros -load-resolved-plugin /Applications/Xcode.app/Contents/Developer/Platforms/iPhoneOS.platform/Developer/usr/lib/swift/host/plugins/libSwiftMacros.dylib\#/Applications/Xcode.app/Contents/Developer/Platforms/iPhoneOS.platform/Developer/usr/bin/swift-plugin-server\#SwiftMacros -load-resolved-plugin /Applications/Xcode.app/Contents/Developer/Platforms/iPhoneOS.platform/Developer/usr/lib/swift/host/plugins/libSwiftUIMacros.dylib\#/Applications/Xcode.app/Contents/Developer/Platforms/iPhoneOS.platform/Developer/usr/bin/swift-plugin-server\#SwiftUIMacros -load-resolved-plugin /Applications/Xcode.app/Contents/Developer/Platforms/iPhoneOS.platform/Developer/usr/lib/swift/host/plugins/libTipKitMacros.dylib\#/Applications/Xcode.app/Contents/Developer/Platforms/iPhoneOS.platform/Developer/usr/bin/swift-plugin-server\#TipKitMacros -disable-implicit-swift-modules -Xcc -fno-implicit-modules -Xcc -fno-implicit-module-maps -explicit-swift-module-map-file /Users/voxels/Library/Developer/Xcode/DerivedData/Know_Maps-egkaqhsegwaokpcfpeurgwipvhno/Build/Intermediates.noindex/Know\ Maps.build/Debug-iphonesimulator/knowmaps.build/Objects-normal/arm64/knowmaps-dependencies-1.json -Xllvm -aarch64-use-tbi -enable-objc-interop -sdk /Applications/Xcode.app/Contents/Developer/Platforms/iPhoneSimulator.platform/Developer/SDKs/iPhoneSimulator26.2.sdk -I /Users/voxels/Library/Developer/Xcode/DerivedData/Know_Maps-egkaqhsegwaokpcfpeurgwipvhno/Build/Products/Debug-iphonesimulator -F /Users/voxels/Library/Developer/Xcode/DerivedData/Know_Maps-egkaqhsegwaokpcfpeurgwipvhno/Build/Products/Debug-iphonesimulator/PackageFrameworks -F /Users/voxels/Library/Developer/Xcode/DerivedData/Know_Maps-egkaqhsegwaokpcfpeurgwipvhno/Build/Products/Debug-iphonesimulator/PackageFrameworks -F /Users/voxels/Library/Developer/Xcode/DerivedData/Know_Maps-egkaqhsegwaokpcfpeurgwipvhno/Build/Products/Debug-iphonesimulator/PackageFrameworks -F /Users/voxels/Library/Developer/Xcode/DerivedData/Know_Maps-egkaqhsegwaokpcfpeurgwipvhno/Build/Products/Debug-iphonesimulator/PackageFrameworks -F /Users/voxels/Library/Developer/Xcode/DerivedData/Know_Maps-egkaqhsegwaokpcfpeurgwipvhno/Build/Products/Debug-iphonesimulator/PackageFrameworks -F /Users/voxels/Library/Developer/Xcode/DerivedData/Know_Maps-egkaqhsegwaokpcfpeurgwipvhno/Build/Products/Debug-iphonesimulator/PackageFrameworks -F /Users/voxels/Library/Developer/Xcode/DerivedData/Know_Maps-egkaqhsegwaokpcfpeurgwipvhno/Build/Products/Debug-iphonesimulator/PackageFrameworks -F /Users/voxels/Library/Developer/Xcode/DerivedData/Know_Maps-egkaqhsegwaokpcfpeurgwipvhno/Build/Products/Debug-iphonesimulator/PackageFrameworks -F /Users/voxels/Library/Developer/Xcode/DerivedData/Know_Maps-egkaqhsegwaokpcfpeurgwipvhno/Build/Products/Debug-iphonesimulator/PackageFrameworks -F /Users/voxels/Library/Developer/Xcode/DerivedData/Know_Maps-egkaqhsegwaokpcfpeurgwipvhno/Build/Products/Debug-iphonesimulator/PackageFrameworks -F /Users/voxels/Library/Developer/Xcode/DerivedData/Know_Maps-egkaqhsegwaokpcfpeurgwipvhno/Build/Products/Debug-iphonesimulator/PackageFrameworks -F /Users/voxels/Library/Developer/Xcode/DerivedData/Know_Maps-egkaqhsegwaokpcfpeurgwipvhno/Build/Products/Debug-iphonesimulator/PackageFrameworks -F /Users/voxels/Library/Developer/Xcode/DerivedData/Know_Maps-egkaqhsegwaokpcfpeurgwipvhno/Build/Products/Debug-iphonesimulator/PackageFrameworks -F /Users/voxels/Library/Developer/Xcode/DerivedData/Know_Maps-egkaqhsegwaokpcfpeurgwipvhno/Build/Products/Debug-iphonesimulator/PackageFrameworks -F /Users/voxels/Library/Developer/Xcode/DerivedData/Know_Maps-egkaqhsegwaokpcfpeurgwipvhno/Build/Products/Debug-iphonesimulator/PackageFrameworks -F /Users/voxels/Library/Developer/Xcode/DerivedData/Know_Maps-egkaqhsegwaokpcfpeurgwipvhno/Build/Products/Debug-iphonesimulator/PackageFrameworks -F /Users/voxels/Library/Developer/Xcode/DerivedData/Know_Maps-egkaqhsegwaokpcfpeurgwipvhno/Build/Products/Debug-iphonesimulator/PackageFrameworks -F /Users/voxels/Library/Developer/Xcode/DerivedData/Know_Maps-egkaqhsegwaokpcfpeurgwipvhno/Build/Products/Debug-iphonesimulator/PackageFrameworks -F /Users/voxels/Library/Developer/Xcode/DerivedData/Know_Maps-egkaqhsegwaokpcfpeurgwipvhno/Build/Products/Debug-iphonesimulator/PackageFrameworks -F /Users/voxels/Library/Developer/Xcode/DerivedData/Know_Maps-egkaqhsegwaokpcfpeurgwipvhno/Build/Products/Debug-iphonesimulator -no-color-diagnostics -Xcc -fno-color-diagnostics -enable-library-evolution -enable-testing -g -debug-info-format\=dwarf -dwarf-version\=5 -module-cache-path /Users/voxels/Library/Developer/Xcode/DerivedData/Know_Maps-egkaqhsegwaokpcfpeurgwipvhno/Build/Intermediates.noindex/SwiftExplicitPrecompiledModules -swift-version 5 -enforce-exclusivity\=checked -Onone -D DEBUG -serialize-debugging-options -const-gather-protocols-file /Users/voxels/Library/Developer/Xcode/DerivedData/Know_Maps-egkaqhsegwaokpcfpeurgwipvhno/Build/Intermediates.noindex/Know\ Maps.build/Debug-iphonesimulator/knowmaps.build/Objects-normal/arm64/knowmaps_const_extract_protocols.json -enable-upcoming-feature DisableOutwardActorInference -enable-upcoming-feature InferSendableFromCaptures -enable-upcoming-feature GlobalActorIsolatedTypesUsability -enable-upcoming-feature MemberImportVisibility -enable-upcoming-feature InferIsolatedConformances -enable-upcoming-feature NonisolatedNonsendingByDefault -enable-experimental-feature DebugDescriptionMacro -enable-bare-slash-regex -validate-clang-modules-once -clang-build-session-file /Users/voxels/Library/Developer/Xcode/DerivedData/ModuleCache.noindex/Session.modulevalidation -Xcc -working-directory -Xcc /Users/voxels/Documents/dev/Know-Maps/Know-Maps/Know-Maps -enable-anonymous-context-mangled-names -file-compilation-dir /Users/voxels/Documents/dev/Know-Maps/Know-Maps/Know-Maps -Xcc -D_LIBCPP_HARDENING_MODE\=_LIBCPP_HARDENING_MODE_DEBUG -Xcc -ivfsstatcache -Xcc /Users/voxels/Library/Developer/Xcode/DerivedData/SDKStatCaches.noindex/iphonesimulator26.2-23C53-7d00a8b37fbd7999ea79df8ebc024bf0.sdkstatcache -Xcc -I/Users/voxels/Library/Developer/Xcode/DerivedData/Know_Maps-egkaqhsegwaokpcfpeurgwipvhno/Build/Intermediates.noindex/Know\ Maps.build/Debug-iphonesimulator/knowmaps.build/swift-overrides.hmap -Xcc -iquote -Xcc /Users/voxels/Library/Developer/Xcode/DerivedData/Know_Maps-egkaqhsegwaokpcfpeurgwipvhno/Build/Intermediates.noindex/Know\ Maps.build/Debug-iphonesimulator/knowmaps.build/knowmaps-generated-files.hmap -Xcc -I/Users/voxels/Library/Developer/Xcode/DerivedData/Know_Maps-egkaqhsegwaokpcfpeurgwipvhno/Build/Intermediates.noindex/Know\ Maps.build/Debug-iphonesimulator/knowmaps.build/knowmaps-own-target-headers.hmap -Xcc -I/Users/voxels/Library/Developer/Xcode/DerivedData/Know_Maps-egkaqhsegwaokpcfpeurgwipvhno/Build/Intermediates.noindex/Know\ Maps.build/Debug-iphonesimulator/knowmaps.build/knowmaps-all-non-framework-target-headers.hmap -Xcc -ivfsoverlay -Xcc /Users/voxels/Library/Developer/Xcode/DerivedData/Know_Maps-egkaqhsegwaokpcfpeurgwipvhno/Build/Intermediates.noindex/Know\ Maps.build/Debug-iphonesimulator/Know\ Maps-0bba29ca7f97ed907bcadf796d74f379-VFS-iphonesimulator/all-product-headers.yaml -Xcc -iquote -Xcc /Users/voxels/Library/Developer/Xcode/DerivedData/Know_Maps-egkaqhsegwaokpcfpeurgwipvhno/Build/Intermediates.noindex/Know\ Maps.build/Debug-iphonesimulator/knowmaps.build/knowmaps-project-headers.hmap -Xcc -I/Users/voxels/Library/Developer/Xcode/DerivedData/Know_Maps-egkaqhsegwaokpcfpeurgwipvhno/Build/Products/Debug-iphonesimulator/include -Xcc -I/Users/voxels/Library/Developer/Xcode/DerivedData/Know_Maps-egkaqhsegwaokpcfpeurgwipvhno/Build/Intermediates.noindex/Know\ Maps.build/Debug-iphonesimulator/knowmaps.build/DerivedSources-normal/arm64 -Xcc -I/Users/voxels/Library/Developer/Xcode/DerivedData/Know_Maps-egkaqhsegwaokpcfpeurgwipvhno/Build/Intermediates.noindex/Know\ Maps.build/Debug-iphonesimulator/knowmaps.build/DerivedSources/arm64 -Xcc -I/Users/voxels/Library/Developer/Xcode/DerivedData/Know_Maps-egkaqhsegwaokpcfpeurgwipvhno/Build/Intermediates.noindex/Know\ Maps.build/Debug-iphonesimulator/knowmaps.build/DerivedSources -Xcc -DDEBUG\=1 -no-auto-bridging-header-chaining -module-name knowmaps -frontend-parseable-output -disable-clang-spi -target-sdk-version 26.2 -target-sdk-name iphonesimulator26.2 -clang-target arm64-apple-ios26.2-simulator -in-process-plugin-server-path /Applications/Xcode.app/Contents/Developer/Toolchains/XcodeDefault.xctoolchain/usr/lib/swift/host/libSwiftInProcPluginServer.dylib -o /Users/voxels/Library/Developer/Xcode/DerivedData/Know_Maps-egkaqhsegwaokpcfpeurgwipvhno/Build/Intermediates.noindex/Know\ Maps.build/Debug-iphonesimulator/knowmaps.build/Objects-normal/arm64/Know_MapsApp.o -index-unit-output-path /Know\ Maps.build/Debug-iphonesimulator/knowmaps.build/Objects-normal/arm64/Know_MapsApp.o -index-store-path /Users/voxels/Library/Developer/Xcode/DerivedData/Know_Maps-egkaqhsegwaokpcfpeurgwipvhno/Index.noindex/DataStore -index-system-modules
SwiftEmitModule normal arm64 Emitting\ module\ for\ knowmaps (in target 'knowmaps' from project 'Know Maps')
EmitSwiftModule normal arm64 (in target 'knowmaps' from project 'Know Maps')
    cd /Users/voxels/Documents/dev/Know-Maps/Know-Maps/Know-Maps
    

SwiftCompile normal arm64 Compiling\ SearchMode.swift /Users/voxels/Documents/dev/Know-Maps/Know-Maps/Know-Maps/Know\ Maps\ Prod/Model/Models/SearchMode.swift (in target 'knowmaps' from project 'Know Maps')
SwiftCompile normal arm64 /Users/voxels/Documents/dev/Know-Maps/Know-Maps/Know-Maps/Know\ Maps\ Prod/Model/Models/SearchMode.swift (in target 'knowmaps' from project 'Know Maps')
    cd /Users/voxels/Documents/dev/Know-Maps/Know-Maps/Know-Maps
    

SwiftCompile normal arm64 Compiling\ MainContentView.swift /Users/voxels/Documents/dev/Know-Maps/Know-Maps/Know-Maps/Know\ Maps\ Prod/View/MainContentView.swift (in target 'knowmaps' from project 'Know Maps')
SwiftCompile normal arm64 /Users/voxels/Documents/dev/Know-Maps/Know-Maps/Know-Maps/Know\ Maps\ Prod/View/MainContentView.swift (in target 'knowmaps' from project 'Know Maps')
    cd /Users/voxels/Documents/dev/Know-Maps/Know-Maps/Know-Maps
    

SwiftCompile normal arm64 Compiling\ KnowMapsRootView.swift /Users/voxels/Documents/dev/Know-Maps/Know-Maps/Know-Maps/Know\ Maps\ Prod/View/KnowMapsRootView.swift (in target 'knowmaps' from project 'Know Maps')
Failed frontend command:
/Applications/Xcode.app/Contents/Developer/Toolchains/XcodeDefault.xctoolchain/usr/bin/swift-frontend -frontend -c /Users/voxels/Documents/dev/Know-Maps/Know-Maps/Know-Maps/Know\ Maps\ Prod/Know_MapsApp.swift /Users/voxels/Documents/dev/Know-Maps/Know-Maps/Know-Maps/Know\ Maps\ Prod/Model/Models/SearchMode.swift /Users/voxels/Documents/dev/Know-Maps/Know-Maps/Know-Maps/Know\ Maps\ Prod/View/MainContentView.swift -primary-file /Users/voxels/Documents/dev/Know-Maps/Know-Maps/Know-Maps/Know\ Maps\ Prod/View/KnowMapsRootView.swift -emit-dependencies-path /Users/voxels/Library/Developer/Xcode/DerivedData/Know_Maps-egkaqhsegwaokpcfpeurgwipvhno/Build/Intermediates.noindex/Know\ Maps.build/Debug-iphonesimulator/knowmaps.build/Objects-normal/arm64/KnowMapsRootView.d -emit-const-values-path /Users/voxels/Library/Developer/Xcode/DerivedData/Know_Maps-egkaqhsegwaokpcfpeurgwipvhno/Build/Intermediates.noindex/Know\ Maps.build/Debug-iphonesimulator/knowmaps.build/Objects-normal/arm64/KnowMapsRootView.swiftconstvalues -emit-reference-dependencies-path /Users/voxels/Library/Developer/Xcode/DerivedData/Know_Maps-egkaqhsegwaokpcfpeurgwipvhno/Build/Intermediates.noindex/Know\ Maps.build/Debug-iphonesimulator/knowmaps.build/Objects-normal/arm64/KnowMapsRootView.swiftdeps -serialize-diagnostics-path /Users/voxels/Library/Developer/Xcode/DerivedData/Know_Maps-egkaqhsegwaokpcfpeurgwipvhno/Build/Intermediates.noindex/Know\ Maps.build/Debug-iphonesimulator/knowmaps.build/Objects-normal/arm64/KnowMapsRootView.dia -emit-localized-strings -emit-localized-strings-path /Users/voxels/Library/Developer/Xcode/DerivedData/Know_Maps-egkaqhsegwaokpcfpeurgwipvhno/Build/Intermediates.noindex/Know\ Maps.build/Debug-iphonesimulator/knowmaps.build/Objects-normal/arm64 -target arm64-apple-ios26.0-simulator -disable-cross-import-overlay-search -swift-module-cross-import SwiftData /Applications/Xcode.app/Contents/Developer/Platforms/iPhoneSimulator.platform/Developer/SDKs/iPhoneSimulator26.2.sdk/System/Library/Frameworks/SwiftData.framework/Modules/SwiftData.swiftcrossimport/CoreData.swiftoverlay -swift-module-cross-import SwiftData /Applications/Xcode.app/Contents/Developer/Platforms/iPhoneSimulator.platform/Developer/SDKs/iPhoneSimulator26.2.sdk/System/Library/Frameworks/SwiftData.framework/Modules/SwiftData.swiftcrossimport/SwiftUI.swiftoverlay -load-resolved-plugin /Applications/Xcode.app/Contents/Developer/Platforms/iPhoneOS.platform/Developer/usr/lib/swift/host/plugins/libFoundationMacros.dylib\#/Applications/Xcode.app/Contents/Developer/Platforms/iPhoneOS.platform/Developer/usr/bin/swift-plugin-server\#FoundationMacros -load-resolved-plugin /Applications/Xcode.app/Contents/Developer/Platforms/iPhoneOS.platform/Developer/usr/lib/swift/host/plugins/libObservationMacros.dylib\#/Applications/Xcode.app/Contents/Developer/Platforms/iPhoneOS.platform/Developer/usr/bin/swift-plugin-server\#ObservationMacros -load-resolved-plugin /Applications/Xcode.app/Contents/Developer/Platforms/iPhoneOS.platform/Developer/usr/lib/swift/host/plugins/libPreviewsMacros.dylib\#/Applications/Xcode.app/Contents/Developer/Platforms/iPhoneOS.platform/Developer/usr/bin/swift-plugin-server\#PreviewsMacros -load-resolved-plugin /Applications/Xcode.app/Contents/Developer/Platforms/iPhoneOS.platform/Developer/usr/lib/swift/host/plugins/libSwiftDataMacros.dylib\#/Applications/Xcode.app/Contents/Developer/Platforms/iPhoneOS.platform/Developer/usr/bin/swift-plugin-server\#SwiftDataMacros -load-resolved-plugin /Applications/Xcode.app/Contents/Developer/Platforms/iPhoneOS.platform/Developer/usr/lib/swift/host/plugins/libSwiftMacros.dylib\#/Applications/Xcode.app/Contents/Developer/Platforms/iPhoneOS.platform/Developer/usr/bin/swift-plugin-server\#SwiftMacros -load-resolved-plugin /Applications/Xcode.app/Contents/Developer/Platforms/iPhoneOS.platform/Developer/usr/lib/swift/host/plugins/libSwiftUIMacros.dylib\#/Applications/Xcode.app/Contents/Developer/Platforms/iPhoneOS.platform/Developer/usr/bin/swift-plugin-server\#SwiftUIMacros -load-resolved-plugin /Applications/Xcode.app/Contents/Developer/Platforms/iPhoneOS.platform/Developer/usr/lib/swift/host/plugins/libTipKitMacros.dylib\#/Applications/Xcode.app/Contents/Developer/Platforms/iPhoneOS.platform/Developer/usr/bin/swift-plugin-server\#TipKitMacros -disable-implicit-swift-modules -Xcc -fno-implicit-modules -Xcc -fno-implicit-module-maps -explicit-swift-module-map-file /Users/voxels/Library/Developer/Xcode/DerivedData/Know_Maps-egkaqhsegwaokpcfpeurgwipvhno/Build/Intermediates.noindex/Know\ Maps.build/Debug-iphonesimulator/knowmaps.build/Objects-normal/arm64/knowmaps-dependencies-1.json -Xllvm -aarch64-use-tbi -enable-objc-interop -sdk /Applications/Xcode.app/Contents/Developer/Platforms/iPhoneSimulator.platform/Developer/SDKs/iPhoneSimulator26.2.sdk -I /Users/voxels/Library/Developer/Xcode/DerivedData/Know_Maps-egkaqhsegwaokpcfpeurgwipvhno/Build/Products/Debug-iphonesimulator -F /Users/voxels/Library/Developer/Xcode/DerivedData/Know_Maps-egkaqhsegwaokpcfpeurgwipvhno/Build/Products/Debug-iphonesimulator/PackageFrameworks -F /Users/voxels/Library/Developer/Xcode/DerivedData/Know_Maps-egkaqhsegwaokpcfpeurgwipvhno/Build/Products/Debug-iphonesimulator/PackageFrameworks -F /Users/voxels/Library/Developer/Xcode/DerivedData/Know_Maps-egkaqhsegwaokpcfpeurgwipvhno/Build/Products/Debug-iphonesimulator/PackageFrameworks -F /Users/voxels/Library/Developer/Xcode/DerivedData/Know_Maps-egkaqhsegwaokpcfpeurgwipvhno/Build/Products/Debug-iphonesimulator/PackageFrameworks -F /Users/voxels/Library/Developer/Xcode/DerivedData/Know_Maps-egkaqhsegwaokpcfpeurgwipvhno/Build/Products/Debug-iphonesimulator/PackageFrameworks -F /Users/voxels/Library/Developer/Xcode/DerivedData/Know_Maps-egkaqhsegwaokpcfpeurgwipvhno/Build/Products/Debug-iphonesimulator/PackageFrameworks -F /Users/voxels/Library/Developer/Xcode/DerivedData/Know_Maps-egkaqhsegwaokpcfpeurgwipvhno/Build/Products/Debug-iphonesimulator/PackageFrameworks -F /Users/voxels/Library/Developer/Xcode/DerivedData/Know_Maps-egkaqhsegwaokpcfpeurgwipvhno/Build/Products/Debug-iphonesimulator/PackageFrameworks -F /Users/voxels/Library/Developer/Xcode/DerivedData/Know_Maps-egkaqhsegwaokpcfpeurgwipvhno/Build/Products/Debug-iphonesimulator/PackageFrameworks -F /Users/voxels/Library/Developer/Xcode/DerivedData/Know_Maps-egkaqhsegwaokpcfpeurgwipvhno/Build/Products/Debug-iphonesimulator/PackageFrameworks -F /Users/voxels/Library/Developer/Xcode/DerivedData/Know_Maps-egkaqhsegwaokpcfpeurgwipvhno/Build/Products/Debug-iphonesimulator/PackageFrameworks -F /Users/voxels/Library/Developer/Xcode/DerivedData/Know_Maps-egkaqhsegwaokpcfpeurgwipvhno/Build/Products/Debug-iphonesimulator/PackageFrameworks -F /Users/voxels/Library/Developer/Xcode/DerivedData/Know_Maps-egkaqhsegwaokpcfpeurgwipvhno/Build/Products/Debug-iphonesimulator/PackageFrameworks -F /Users/voxels/Library/Developer/Xcode/DerivedData/Know_Maps-egkaqhsegwaokpcfpeurgwipvhno/Build/Products/Debug-iphonesimulator/PackageFrameworks -F /Users/voxels/Library/Developer/Xcode/DerivedData/Know_Maps-egkaqhsegwaokpcfpeurgwipvhno/Build/Products/Debug-iphonesimulator/PackageFrameworks -F /Users/voxels/Library/Developer/Xcode/DerivedData/Know_Maps-egkaqhsegwaokpcfpeurgwipvhno/Build/Products/Debug-iphonesimulator/PackageFrameworks -F /Users/voxels/Library/Developer/Xcode/DerivedData/Know_Maps-egkaqhsegwaokpcfpeurgwipvhno/Build/Products/Debug-iphonesimulator/PackageFrameworks -F /Users/voxels/Library/Developer/Xcode/DerivedData/Know_Maps-egkaqhsegwaokpcfpeurgwipvhno/Build/Products/Debug-iphonesimulator/PackageFrameworks -F /Users/voxels/Library/Developer/Xcode/DerivedData/Know_Maps-egkaqhsegwaokpcfpeurgwipvhno/Build/Products/Debug-iphonesimulator/PackageFrameworks -F /Users/voxels/Library/Developer/Xcode/DerivedData/Know_Maps-egkaqhsegwaokpcfpeurgwipvhno/Build/Products/Debug-iphonesimulator -no-color-diagnostics -Xcc -fno-color-diagnostics -enable-library-evolution -enable-testing -g -debug-info-format\=dwarf -dwarf-version\=5 -module-cache-path /Users/voxels/Library/Developer/Xcode/DerivedData/Know_Maps-egkaqhsegwaokpcfpeurgwipvhno/Build/Intermediates.noindex/SwiftExplicitPrecompiledModules -swift-version 5 -enforce-exclusivity\=checked -Onone -D DEBUG -serialize-debugging-options -const-gather-protocols-file /Users/voxels/Library/Developer/Xcode/DerivedData/Know_Maps-egkaqhsegwaokpcfpeurgwipvhno/Build/Intermediates.noindex/Know\ Maps.build/Debug-iphonesimulator/knowmaps.build/Objects-normal/arm64/knowmaps_const_extract_protocols.json -enable-upcoming-feature DisableOutwardActorInference -enable-upcoming-feature InferSendableFromCaptures -enable-upcoming-feature GlobalActorIsolatedTypesUsability -enable-upcoming-feature MemberImportVisibility -enable-upcoming-feature InferIsolatedConformances -enable-upcoming-feature NonisolatedNonsendingByDefault -enable-experimental-feature DebugDescriptionMacro -enable-bare-slash-regex -validate-clang-modules-once -clang-build-session-file /Users/voxels/Library/Developer/Xcode/DerivedData/ModuleCache.noindex/Session.modulevalidation -Xcc -working-directory -Xcc /Users/voxels/Documents/dev/Know-Maps/Know-Maps/Know-Maps -enable-anonymous-context-mangled-names -file-compilation-dir /Users/voxels/Documents/dev/Know-Maps/Know-Maps/Know-Maps -Xcc -D_LIBCPP_HARDENING_MODE\=_LIBCPP_HARDENING_MODE_DEBUG -Xcc -ivfsstatcache -Xcc /Users/voxels/Library/Developer/Xcode/DerivedData/SDKStatCaches.noindex/iphonesimulator26.2-23C53-7d00a8b37fbd7999ea79df8ebc024bf0.sdkstatcache -Xcc -I/Users/voxels/Library/Developer/Xcode/DerivedData/Know_Maps-egkaqhsegwaokpcfpeurgwipvhno/Build/Intermediates.noindex/Know\ Maps.build/Debug-iphonesimulator/knowmaps.build/swift-overrides.hmap -Xcc -iquote -Xcc /Users/voxels/Library/Developer/Xcode/DerivedData/Know_Maps-egkaqhsegwaokpcfpeurgwipvhno/Build/Intermediates.noindex/Know\ Maps.build/Debug-iphonesimulator/knowmaps.build/knowmaps-generated-files.hmap -Xcc -I/Users/voxels/Library/Developer/Xcode/DerivedData/Know_Maps-egkaqhsegwaokpcfpeurgwipvhno/Build/Intermediates.noindex/Know\ Maps.build/Debug-iphonesimulator/knowmaps.build/knowmaps-own-target-headers.hmap -Xcc -I/Users/voxels/Library/Developer/Xcode/DerivedData/Know_Maps-egkaqhsegwaokpcfpeurgwipvhno/Build/Intermediates.noindex/Know\ Maps.build/Debug-iphonesimulator/knowmaps.build/knowmaps-all-non-framework-target-headers.hmap -Xcc -ivfsoverlay -Xcc /Users/voxels/Library/Developer/Xcode/DerivedData/Know_Maps-egkaqhsegwaokpcfpeurgwipvhno/Build/Intermediates.noindex/Know\ Maps.build/Debug-iphonesimulator/Know\ Maps-0bba29ca7f97ed907bcadf796d74f379-VFS-iphonesimulator/all-product-headers.yaml -Xcc -iquote -Xcc /Users/voxels/Library/Developer/Xcode/DerivedData/Know_Maps-egkaqhsegwaokpcfpeurgwipvhno/Build/Intermediates.noindex/Know\ Maps.build/Debug-iphonesimulator/knowmaps.build/knowmaps-project-headers.hmap -Xcc -I/Users/voxels/Library/Developer/Xcode/DerivedData/Know_Maps-egkaqhsegwaokpcfpeurgwipvhno/Build/Products/Debug-iphonesimulator/include -Xcc -I/Users/voxels/Library/Developer/Xcode/DerivedData/Know_Maps-egkaqhsegwaokpcfpeurgwipvhno/Build/Intermediates.noindex/Know\ Maps.build/Debug-iphonesimulator/knowmaps.build/DerivedSources-normal/arm64 -Xcc -I/Users/voxels/Library/Developer/Xcode/DerivedData/Know_Maps-egkaqhsegwaokpcfpeurgwipvhno/Build/Intermediates.noindex/Know\ Maps.build/Debug-iphonesimulator/knowmaps.build/DerivedSources/arm64 -Xcc -I/Users/voxels/Library/Developer/Xcode/DerivedData/Know_Maps-egkaqhsegwaokpcfpeurgwipvhno/Build/Intermediates.noindex/Know\ Maps.build/Debug-iphonesimulator/knowmaps.build/DerivedSources -Xcc -DDEBUG\=1 -no-auto-bridging-header-chaining -module-name knowmaps -frontend-parseable-output -disable-clang-spi -target-sdk-version 26.2 -target-sdk-name iphonesimulator26.2 -clang-target arm64-apple-ios26.2-simulator -in-process-plugin-server-path /Applications/Xcode.app/Contents/Developer/Toolchains/XcodeDefault.xctoolchain/usr/lib/swift/host/libSwiftInProcPluginServer.dylib -o /Users/voxels/Library/Developer/Xcode/DerivedData/Know_Maps-egkaqhsegwaokpcfpeurgwipvhno/Build/Intermediates.noindex/Know\ Maps.build/Debug-iphonesimulator/knowmaps.build/Objects-normal/arm64/KnowMapsRootView.o -index-unit-output-path /Know\ Maps.build/Debug-iphonesimulator/knowmaps.build/Objects-normal/arm64/KnowMapsRootView.o -index-store-path /Users/voxels/Library/Developer/Xcode/DerivedData/Know_Maps-egkaqhsegwaokpcfpeurgwipvhno/Index.noindex/DataStore -index-system-modules

SwiftCompile normal arm64 /Users/voxels/Documents/dev/Know-Maps/Know-Maps/Know-Maps/Know\ Maps\ Prod/View/KnowMapsRootView.swift (in target 'knowmaps' from project 'Know Maps')
    cd /Users/voxels/Documents/dev/Know-Maps/Know-Maps/Know-Maps
    
/Users/voxels/Documents/dev/Know-Maps/Know-Maps/Know-Maps/Know Maps Prod/View/KnowMapsRootView.swift:5:41: error: cannot find type 'AppleAuthenticationService' in scope
    @EnvironmentObject var authService: AppleAuthenticationService
                                        ^~~~~~~~~~~~~~~~~~~~~~~~~~
/Users/voxels/Documents/dev/Know-Maps/Know-Maps/Know-Maps/Know Maps Prod/View/KnowMapsRootView.swift:6:26: error: cannot find type 'DefaultModelController' in scope
    var modelController: DefaultModelController
                         ^~~~~~~~~~~~~~~~~~~~~~
/Users/voxels/Documents/dev/Know-Maps/Know-Maps/Know-Maps/Know Maps Prod/View/KnowMapsRootView.swift:7:23: error: cannot find type 'CloudCacheManager' in scope
    var cacheManager: CloudCacheManager
                      ^~~~~~~~~~~~~~~~~
/Users/voxels/Documents/dev/Know-Maps/Know-Maps/Know-Maps/Know Maps Prod/View/KnowMapsRootView.swift:13:13: error: cannot find 'UserCachedRecord' in scope
            UserCachedRecord.self,
            ^~~~~~~~~~~~~~~~
/Users/voxels/Documents/dev/Know-Maps/Know-Maps/Know-Maps/Know Maps Prod/View/KnowMapsRootView.swift:14:13: error: cannot find 'RecommendationData' in scope
            RecommendationData.self,
            ^~~~~~~~~~~~~~~~~~
/Users/voxels/Documents/dev/Know-Maps/Know-Maps/Know-Maps/Know Maps Prod/View/KnowMapsRootView.swift:27:17: error: cannot find 'OnboardingSignInView' in scope
                OnboardingSignInView(authService: authService) { result in
                ^~~~~~~~~~~~~~~~~~~~

RegisterExecutionPolicyException /Users/voxels/Library/Developer/Xcode/DerivedData/Know_Maps-egkaqhsegwaokpcfpeurgwipvhno/Build/Products/Debug-iphonesimulator/NukeUI.o (in target 'NukeUI' from project 'Nuke')
    cd /Users/voxels/Library/Developer/Xcode/DerivedData/Know_Maps-egkaqhsegwaokpcfpeurgwipvhno/SourcePackages/checkouts/Nuke
    builtin-RegisterExecutionPolicyException /Users/voxels/Library/Developer/Xcode/DerivedData/Know_Maps-egkaqhsegwaokpcfpeurgwipvhno/Build/Products/Debug-iphonesimulator/NukeUI.o

RegisterExecutionPolicyException /Users/voxels/Library/Developer/Xcode/DerivedData/Know_Maps-egkaqhsegwaokpcfpeurgwipvhno/Build/Products/Debug-iphonesimulator/IssueReporting.o (in target 'IssueReporting' from project 'xctest-dynamic-overlay')
    cd /Users/voxels/Library/Developer/Xcode/DerivedData/Know_Maps-egkaqhsegwaokpcfpeurgwipvhno/SourcePackages/checkouts/xctest-dynamic-overlay
    builtin-RegisterExecutionPolicyException /Users/voxels/Library/Developer/Xcode/DerivedData/Know_Maps-egkaqhsegwaokpcfpeurgwipvhno/Build/Products/Debug-iphonesimulator/IssueReporting.o

RegisterExecutionPolicyException /Users/voxels/Library/Developer/Xcode/DerivedData/Know_Maps-egkaqhsegwaokpcfpeurgwipvhno/Build/Products/Debug-iphonesimulator/Segment.o (in target 'Segment' from project 'Segment')
    cd /Users/voxels/Library/Developer/Xcode/DerivedData/Know_Maps-egkaqhsegwaokpcfpeurgwipvhno/SourcePackages/checkouts/analytics-swift
    builtin-RegisterExecutionPolicyException /Users/voxels/Library/Developer/Xcode/DerivedData/Know_Maps-egkaqhsegwaokpcfpeurgwipvhno/Build/Products/Debug-iphonesimulator/Segment.o

Ld /Users/voxels/Library/Developer/Xcode/DerivedData/Know_Maps-egkaqhsegwaokpcfpeurgwipvhno/Build/Products/Debug-iphonesimulator/Clocks.o normal (in target 'Clocks' from project 'swift-clocks')
    cd /Users/voxels/Library/Developer/Xcode/DerivedData/Know_Maps-egkaqhsegwaokpcfpeurgwipvhno/SourcePackages/checkouts/swift-clocks
    /Applications/Xcode.app/Contents/Developer/Toolchains/XcodeDefault.xctoolchain/usr/bin/clang -Xlinker -reproducible -target arm64-apple-ios13.0-simulator -r -isysroot /Applications/Xcode.app/Contents/Developer/Platforms/iPhoneSimulator.platform/Developer/SDKs/iPhoneSimulator26.2.sdk -O0 -w -L/Users/voxels/Library/Developer/Xcode/DerivedData/Know_Maps-egkaqhsegwaokpcfpeurgwipvhno/Build/Intermediates.noindex/EagerLinkingTBDs/Debug-iphonesimulator -L/Users/voxels/Library/Developer/Xcode/DerivedData/Know_Maps-egkaqhsegwaokpcfpeurgwipvhno/Build/Products/Debug-iphonesimulator -L/Applications/Xcode.app/Contents/Developer/Platforms/iPhoneSimulator.platform/Developer/usr/lib -F/Users/voxels/Library/Developer/Xcode/DerivedData/Know_Maps-egkaqhsegwaokpcfpeurgwipvhno/Build/Intermediates.noindex/EagerLinkingTBDs/Debug-iphonesimulator -F/Users/voxels/Library/Developer/Xcode/DerivedData/Know_Maps-egkaqhsegwaokpcfpeurgwipvhno/Build/Products/Debug-iphonesimulator/PackageFrameworks -F/Users/voxels/Library/Developer/Xcode/DerivedData/Know_Maps-egkaqhsegwaokpcfpeurgwipvhno/Build/Products/Debug-iphonesimulator/PackageFrameworks -F/Users/voxels/Library/Developer/Xcode/DerivedData/Know_Maps-egkaqhsegwaokpcfpeurgwipvhno/Build/Products/Debug-iphonesimulator/PackageFrameworks -F/Users/voxels/Library/Developer/Xcode/DerivedData/Know_Maps-egkaqhsegwaokpcfpeurgwipvhno/Build/Products/Debug-iphonesimulator -iframework /Applications/Xcode.app/Contents/Developer/Platforms/iPhoneSimulator.platform/Developer/Library/Frameworks -iframework /Applications/Xcode.app/Contents/Developer/Platforms/iPhoneSimulator.platform/Developer/SDKs/iPhoneSimulator26.2.sdk/Developer/Library/Frameworks -filelist /Users/voxels/Library/Developer/Xcode/DerivedData/Know_Maps-egkaqhsegwaokpcfpeurgwipvhno/Build/Intermediates.noindex/swift-clocks.build/Debug-iphonesimulator/Clocks.build/Objects-normal/arm64/Clocks.LinkFileList -nostdlib -Xlinker -object_path_lto -Xlinker /Users/voxels/Library/Developer/Xcode/DerivedData/Know_Maps-egkaqhsegwaokpcfpeurgwipvhno/Build/Intermediates.noindex/swift-clocks.build/Debug-iphonesimulator/Clocks.build/Objects-normal/arm64/Clocks_lto.o -rdynamic -Xlinker -no_deduplicate -Xlinker -objc_abi_version -Xlinker 2 -Xlinker -dependency_info -Xlinker /Users/voxels/Library/Developer/Xcode/DerivedData/Know_Maps-egkaqhsegwaokpcfpeurgwipvhno/Build/Intermediates.noindex/swift-clocks.build/Debug-iphonesimulator/Clocks.build/Objects-normal/arm64/Clocks_dependency_info.dat -fobjc-link-runtime -L/Applications/Xcode.app/Contents/Developer/Toolchains/XcodeDefault.xctoolchain/usr/lib/swift/iphonesimulator -L/usr/lib/swift -Xlinker -add_ast_path -Xlinker /Users/voxels/Library/Developer/Xcode/DerivedData/Know_Maps-egkaqhsegwaokpcfpeurgwipvhno/Build/Intermediates.noindex/swift-clocks.build/Debug-iphonesimulator/Clocks.build/Objects-normal/arm64/Clocks.swiftmodule @/Users/voxels/Library/Developer/Xcode/DerivedData/Know_Maps-egkaqhsegwaokpcfpeurgwipvhno/Build/Intermediates.noindex/swift-clocks.build/Debug-iphonesimulator/Clocks.build/Objects-normal/arm64/Clocks-linker-args.resp -o /Users/voxels/Library/Developer/Xcode/DerivedData/Know_Maps-egkaqhsegwaokpcfpeurgwipvhno/Build/Products/Debug-iphonesimulator/Clocks.o

Ld /Users/voxels/Library/Developer/Xcode/DerivedData/Know_Maps-egkaqhsegwaokpcfpeurgwipvhno/Build/Products/Debug-iphonesimulator/XCTestDynamicOverlay.o normal (in target 'XCTestDynamicOverlay' from project 'xctest-dynamic-overlay')
    cd /Users/voxels/Library/Developer/Xcode/DerivedData/Know_Maps-egkaqhsegwaokpcfpeurgwipvhno/SourcePackages/checkouts/xctest-dynamic-overlay
    /Applications/Xcode.app/Contents/Developer/Toolchains/XcodeDefault.xctoolchain/usr/bin/clang -Xlinker -reproducible -target arm64-apple-ios13.0-simulator -r -isysroot /Applications/Xcode.app/Contents/Developer/Platforms/iPhoneSimulator.platform/Developer/SDKs/iPhoneSimulator26.2.sdk -O0 -w -L/Users/voxels/Library/Developer/Xcode/DerivedData/Know_Maps-egkaqhsegwaokpcfpeurgwipvhno/Build/Intermediates.noindex/EagerLinkingTBDs/Debug-iphonesimulator -L/Users/voxels/Library/Developer/Xcode/DerivedData/Know_Maps-egkaqhsegwaokpcfpeurgwipvhno/Build/Products/Debug-iphonesimulator -L/Applications/Xcode.app/Contents/Developer/Platforms/iPhoneSimulator.platform/Developer/usr/lib -F/Users/voxels/Library/Developer/Xcode/DerivedData/Know_Maps-egkaqhsegwaokpcfpeurgwipvhno/Build/Intermediates.noindex/EagerLinkingTBDs/Debug-iphonesimulator -F/Users/voxels/Library/Developer/Xcode/DerivedData/Know_Maps-egkaqhsegwaokpcfpeurgwipvhno/Build/Products/Debug-iphonesimulator/PackageFrameworks -F/Users/voxels/Library/Developer/Xcode/DerivedData/Know_Maps-egkaqhsegwaokpcfpeurgwipvhno/Build/Products/Debug-iphonesimulator/PackageFrameworks -F/Users/voxels/Library/Developer/Xcode/DerivedData/Know_Maps-egkaqhsegwaokpcfpeurgwipvhno/Build/Products/Debug-iphonesimulator -iframework /Applications/Xcode.app/Contents/Developer/Platforms/iPhoneSimulator.platform/Developer/Library/Frameworks -iframework /Applications/Xcode.app/Contents/Developer/Platforms/iPhoneSimulator.platform/Developer/SDKs/iPhoneSimulator26.2.sdk/Developer/Library/Frameworks -filelist /Users/voxels/Library/Developer/Xcode/DerivedData/Know_Maps-egkaqhsegwaokpcfpeurgwipvhno/Build/Intermediates.noindex/xctest-dynamic-overlay.build/Debug-iphonesimulator/XCTestDynamicOverlay.build/Objects-normal/arm64/XCTestDynamicOverlay.LinkFileList -nostdlib -Xlinker -object_path_lto -Xlinker /Users/voxels/Library/Developer/Xcode/DerivedData/Know_Maps-egkaqhsegwaokpcfpeurgwipvhno/Build/Intermediates.noindex/xctest-dynamic-overlay.build/Debug-iphonesimulator/XCTestDynamicOverlay.build/Objects-normal/arm64/XCTestDynamicOverlay_lto.o -rdynamic -Xlinker -no_deduplicate -Xlinker -objc_abi_version -Xlinker 2 -Xlinker -dependency_info -Xlinker /Users/voxels/Library/Developer/Xcode/DerivedData/Know_Maps-egkaqhsegwaokpcfpeurgwipvhno/Build/Intermediates.noindex/xctest-dynamic-overlay.build/Debug-iphonesimulator/XCTestDynamicOverlay.build/Objects-normal/arm64/XCTestDynamicOverlay_dependency_info.dat -fobjc-link-runtime -L/Applications/Xcode.app/Contents/Developer/Toolchains/XcodeDefault.xctoolchain/usr/lib/swift/iphonesimulator -L/usr/lib/swift -Xlinker -add_ast_path -Xlinker /Users/voxels/Library/Developer/Xcode/DerivedData/Know_Maps-egkaqhsegwaokpcfpeurgwipvhno/Build/Intermediates.noindex/xctest-dynamic-overlay.build/Debug-iphonesimulator/XCTestDynamicOverlay.build/Objects-normal/arm64/XCTestDynamicOverlay.swiftmodule @/Users/voxels/Library/Developer/Xcode/DerivedData/Know_Maps-egkaqhsegwaokpcfpeurgwipvhno/Build/Intermediates.noindex/xctest-dynamic-overlay.build/Debug-iphonesimulator/XCTestDynamicOverlay.build/Objects-normal/arm64/XCTestDynamicOverlay-linker-args.resp -o /Users/voxels/Library/Developer/Xcode/DerivedData/Know_Maps-egkaqhsegwaokpcfpeurgwipvhno/Build/Products/Debug-iphonesimulator/XCTestDynamicOverlay.o

note: Removed stale file '/Users/voxels/Library/Developer/Xcode/DerivedData/Know_Maps-egkaqhsegwaokpcfpeurgwipvhno/Build/Intermediates.noindex/Know Maps.build/Debug-iphonesimulator/knowmaps.build/40eb915e208b8ab22a1a84b09f5e5728.sb'

note: Removed stale file '/Users/voxels/Library/Developer/Xcode/DerivedData/Know_Maps-egkaqhsegwaokpcfpeurgwipvhno/Build/Intermediates.noindex/Know Maps.build/Debug-iphonesimulator/knowmaps.build/52f9e5d91c5a2e06758bcef5b91d7cd4.sb'

note: Removed stale file '/Users/voxels/Library/Developer/Xcode/DerivedData/Know_Maps-egkaqhsegwaokpcfpeurgwipvhno/Build/Intermediates.noindex/Know Maps.build/Debug-iphonesimulator/knowmaps.build/5c19ef3fb221f42b780be41cc79cd048.sb'

note: Removed stale file '/Users/voxels/Library/Developer/Xcode/DerivedData/Know_Maps-egkaqhsegwaokpcfpeurgwipvhno/Build/Intermediates.noindex/Know Maps.build/Debug-iphonesimulator/knowmaps.build/d608e5624383704b255f4a4b45db1f50.sb'

** BUILD FAILED **


The following build commands failed:
	SwiftCompile normal arm64 /Users/voxels/Documents/dev/Know-Maps/Know-Maps/Know-Maps/Know\ Maps\ Prod/Know_MapsApp.swift (in target 'knowmaps' from project 'Know Maps')
	SwiftCompile normal arm64 Compiling\ Know_MapsApp.swift /Users/voxels/Documents/dev/Know-Maps/Know-Maps/Know-Maps/Know\ Maps\ Prod/Know_MapsApp.swift (in target 'knowmaps' from project 'Know Maps')
	SwiftCompile normal arm64 Compiling\ KnowMapsRootView.swift /Users/voxels/Documents/dev/Know-Maps/Know-Maps/Know-Maps/Know\ Maps\ Prod/View/KnowMapsRootView.swift (in target 'knowmaps' from project 'Know Maps')
	SwiftCompile normal arm64 /Users/voxels/Documents/dev/Know-Maps/Know-Maps/Know-Maps/Know\ Maps\ Prod/View/KnowMapsRootView.swift (in target 'knowmaps' from project 'Know Maps')
	Building project Know Maps with scheme Know Maps
(5 failures)
